This file contains any messages produced by compilers while
running configure, to aid debugging if configure makes a mistake.

It was created by iptables configure 1.4.4, which was
generated by GNU Autoconf 2.63.  Invocation command line was

  $ ./configure --host=mips-linux --with-ksource=../../linux-2.6.30 --enable-static --disable-shared --disable-ipv6 CFLAGS=-Os

## --------- ##
## Platform. ##
## --------- ##

hostname = eoc-develop-1
uname -m = x86_64
uname -r = 2.6.32-21-server
uname -s = Linux
uname -v = #32-Ubuntu SMP Fri Apr 16 09:17:34 UTC 2010

/usr/bin/uname -p = unknown
/bin/uname -X     = unknown

/bin/arch              = unknown
/usr/bin/arch -k       = unknown
/usr/convex/getsysinfo = unknown
/usr/bin/hostinfo      = unknown
/bin/machine           = unknown
/usr/bin/oslevel       = unknown
/bin/universe          = unknown

PATH: /home/zhanghaiyang/rtl819x-sdk-v2.5/rtl819x/toolchain/rsdk-1.3.6-5281-EB-2.6.30-0.9.30/bin
PATH: /opt/eldk/usr/bin
PATH: /opt/openwrt/bin
PATH: /opt/acrospeed/mips-linux-uclibc/bin
PATH: /usr/local/sbin
PATH: /usr/local/bin
PATH: /usr/sbin
PATH: /usr/bin
PATH: /sbin
PATH: /bin
PATH: /usr/games


## ----------- ##
## Core tests. ##
## ----------- ##

configure:2109: checking for a BSD-compatible install
configure:2177: result: /usr/bin/install -c
configure:2189: checking whether build environment is sane
configure:2232: result: yes
configure:2294: checking for gawk
configure:2310: found /usr/bin/gawk
configure:2321: result: gawk
configure:2332: checking whether make sets $(MAKE)
configure:2354: result: yes
configure:2430: checking for mips-linux-strip
configure:2457: result: rsdk-linux-strip
configure:2542: checking for mips-linux-gcc
configure:2569: result: rsdk-linux-gcc
configure:2841: checking for C compiler version
configure:2849: rsdk-linux-gcc --version >&5
mips-linux-gcc (GCC) 3.4.6-1.3.6
Copyright (C) 2006 Free Software Foundation, Inc.
This is free software; see the source for copying conditions.  There is NO
warranty; not even for MERCHANTABILITY or FITNESS FOR A PARTICULAR PURPOSE.

configure:2853: $? = 0
configure:2860: rsdk-linux-gcc -v >&5
Reading specs from /home/zhanghaiyang/rtl819x-sdk-v2.5/rtl819x/toolchain/rsdk-1.3.6-5281-EB-2.6.30-0.9.30/bin/../lib/gcc/mips-linux/3.4.6-1.3.6/specs
Configured with: RSDK Builder release 1.3
Thread model: posix
gcc version 3.4.6-1.3.6
configure:2864: $? = 0
configure:2871: rsdk-linux-gcc -V >&5
mips-linux-gcc: `-V' must come at the start of the command line
configure:2875: $? = 1
configure:2898: checking for C compiler default output file name
configure:2920: rsdk-linux-gcc -Os   conftest.c  >&5
configure:2924: $? = 0
configure:2962: result: a.out
configure:2981: checking whether the C compiler works
configure:2991: ./a.out
./configure: line 2993: ./a.out: cannot execute binary file
configure:2995: $? = 126
configure:3014: result: yes
configure:3021: checking whether we are cross compiling
configure:3023: result: yes
configure:3026: checking for suffix of executables
configure:3033: rsdk-linux-gcc -o conftest -Os   conftest.c  >&5
configure:3037: $? = 0
configure:3063: result: 
configure:3069: checking for suffix of object files
configure:3095: rsdk-linux-gcc -c -Os  conftest.c >&5
configure:3099: $? = 0
configure:3124: result: o
configure:3128: checking whether we are using the GNU C compiler
configure:3157: rsdk-linux-gcc -c -Os  conftest.c >&5
configure:3164: $? = 0
configure:3181: result: yes
configure:3190: checking whether rsdk-linux-gcc accepts -g
configure:3220: rsdk-linux-gcc -c -g  conftest.c >&5
configure:3227: $? = 0
configure:3328: result: yes
configure:3345: checking for rsdk-linux-gcc option to accept ISO C89
configure:3419: rsdk-linux-gcc  -c -Os  conftest.c >&5
configure:3426: $? = 0
configure:3449: result: none needed
configure:3478: checking for style of include used by make
configure:3506: result: GNU
configure:3534: checking dependency style of rsdk-linux-gcc
configure:3624: result: gcc3
configure:3642: checking whether rsdk-linux-gcc and cc understand -c and -o together
configure:3677: rsdk-linux-gcc -c conftest.c -o conftest2.o >&5
configure:3681: $? = 0
configure:3687: rsdk-linux-gcc -c conftest.c -o conftest2.o >&5
configure:3691: $? = 0
configure:3702: cc -c conftest.c >&5
configure:3706: $? = 0
configure:3714: cc -c conftest.c -o conftest2.o >&5
configure:3718: $? = 0
configure:3724: cc -c conftest.c -o conftest2.o >&5
configure:3728: $? = 0
configure:3746: result: yes
configure:3833: checking build system type
configure:3851: result: x86_64-unknown-linux-gnu
configure:3873: checking host system type
configure:3888: result: mips-unknown-linux-gnu
configure:3910: checking for a sed that does not truncate output
configure:3976: result: /opt/openwrt/bin/sed
configure:3994: checking for grep that handles long lines and -e
configure:4054: result: /bin/grep
configure:4059: checking for egrep
configure:4123: result: /bin/grep -E
configure:4128: checking for fgrep
configure:4192: result: /bin/grep -F
configure:4227: checking for ld used by rsdk-linux-gcc
configure:4294: result: rsdk-linux-gcc
configure:4303: checking if the linker (rsdk-linux-gcc) is GNU ld
configure:4318: result: no
configure:4330: checking for BSD- or MS-compatible name lister (nm)
configure:4379: result: /home/zhanghaiyang/rtl819x-sdk-v2.5/rtl819x/toolchain/rsdk-1.3.6-5281-EB-2.6.30-0.9.30/bin/mips-linux-nm -B
configure:4497: checking the name lister (/home/zhanghaiyang/rtl819x-sdk-v2.5/rtl819x/toolchain/rsdk-1.3.6-5281-EB-2.6.30-0.9.30/bin/mips-linux-nm -B) interface
configure:4504: rsdk-linux-gcc -c -Os  conftest.c >&5
configure:4507: /home/zhanghaiyang/rtl819x-sdk-v2.5/rtl819x/toolchain/rsdk-1.3.6-5281-EB-2.6.30-0.9.30/bin/mips-linux-nm -B "conftest.o"
configure:4510: output
00000000 D some_variable
configure:4517: result: BSD nm
configure:4520: checking whether ln -s works
configure:4524: result: yes
configure:4532: checking the maximum length of command line arguments
configure:4652: result: 3458764513820540925
configure:4669: checking whether the shell understands some XSI constructs
configure:4679: result: yes
configure:4683: checking whether the shell understands "+="
configure:4689: result: yes
configure:4724: checking for rsdk-linux-gcc option to reload object files
configure:4731: result: -r
configure:4760: checking for mips-linux-objdump
configure:4776: found /home/zhanghaiyang/rtl819x-sdk-v2.5/rtl819x/toolchain/rsdk-1.3.6-5281-EB-2.6.30-0.9.30/bin/mips-linux-objdump
configure:4787: result: mips-linux-objdump
configure:4859: checking how to recognize dependent libraries
configure:5055: result: pass_all
configure:5075: checking for mips-linux-ar
configure:5102: result: rsdk-linux-ar
configure:5180: checking for mips-linux-strip
configure:5207: result: rsdk-linux-strip
configure:5279: checking for mips-linux-ranlib
configure:5306: result: rsdk-linux-ranlib
configure:5436: checking command to parse /home/zhanghaiyang/rtl819x-sdk-v2.5/rtl819x/toolchain/rsdk-1.3.6-5281-EB-2.6.30-0.9.30/bin/mips-linux-nm -B output from rsdk-linux-gcc object
configure:5554: rsdk-linux-gcc -c -Os  conftest.c >&5
configure:5557: $? = 0
configure:5561: /home/zhanghaiyang/rtl819x-sdk-v2.5/rtl819x/toolchain/rsdk-1.3.6-5281-EB-2.6.30-0.9.30/bin/mips-linux-nm -B conftest.o \| sed -n -e 's/^.*[	 ]\([ABCDGIRSTW][ABCDGIRSTW]*\)[	 ][	 ]*\([_A-Za-z][_A-Za-z0-9]*\)$/\1 \2 \2/p' \> conftest.nm
configure:5564: $? = 0
configure:5618: rsdk-linux-gcc -o conftest -Os   conftest.c conftstm.o >&5
configure:5621: $? = 0
configure:5659: result: ok
configure:6526: checking how to run the C preprocessor
configure:6566: rsdk-linux-gcc -E  conftest.c
configure:6573: $? = 0
configure:6604: rsdk-linux-gcc -E  conftest.c
conftest.c:10:28: ac_nonexistent.h: No such file or directory
configure:6611: $? = 1
configure: failed program was:
| /* confdefs.h.  */
| #define PACKAGE_NAME "iptables"
| #define PACKAGE_TARNAME "iptables"
| #define PACKAGE_VERSION "1.4.4"
| #define PACKAGE_STRING "iptables 1.4.4"
| #define PACKAGE_BUGREPORT ""
| #define PACKAGE "iptables"
| #define VERSION "1.4.4"
| /* end confdefs.h.  */
| #include <ac_nonexistent.h>
configure:6644: result: rsdk-linux-gcc -E
configure:6673: rsdk-linux-gcc -E  conftest.c
configure:6680: $? = 0
configure:6711: rsdk-linux-gcc -E  conftest.c
conftest.c:10:28: ac_nonexistent.h: No such file or directory
configure:6718: $? = 1
configure: failed program was:
| /* confdefs.h.  */
| #define PACKAGE_NAME "iptables"
| #define PACKAGE_TARNAME "iptables"
| #define PACKAGE_VERSION "1.4.4"
| #define PACKAGE_STRING "iptables 1.4.4"
| #define PACKAGE_BUGREPORT ""
| #define PACKAGE "iptables"
| #define VERSION "1.4.4"
| /* end confdefs.h.  */
| #include <ac_nonexistent.h>
configure:6758: checking for ANSI C header files
configure:6788: rsdk-linux-gcc -c -Os  conftest.c >&5
configure:6795: $? = 0
configure:6926: result: yes
configure:6950: checking for sys/types.h
configure:6971: rsdk-linux-gcc -c -Os  conftest.c >&5
configure:6978: $? = 0
configure:6995: result: yes
configure:6950: checking for sys/stat.h
configure:6971: rsdk-linux-gcc -c -Os  conftest.c >&5
configure:6978: $? = 0
configure:6995: result: yes
configure:6950: checking for stdlib.h
configure:6971: rsdk-linux-gcc -c -Os  conftest.c >&5
configure:6978: $? = 0
configure:6995: result: yes
configure:6950: checking for string.h
configure:6971: rsdk-linux-gcc -c -Os  conftest.c >&5
configure:6978: $? = 0
configure:6995: result: yes
configure:6950: checking for memory.h
configure:6971: rsdk-linux-gcc -c -Os  conftest.c >&5
configure:6978: $? = 0
configure:6995: result: yes
configure:6950: checking for strings.h
configure:6971: rsdk-linux-gcc -c -Os  conftest.c >&5
configure:6978: $? = 0
configure:6995: result: yes
configure:6950: checking for inttypes.h
configure:6971: rsdk-linux-gcc -c -Os  conftest.c >&5
configure:6978: $? = 0
configure:6995: result: yes
configure:6950: checking for stdint.h
configure:6971: rsdk-linux-gcc -c -Os  conftest.c >&5
configure:6978: $? = 0
configure:6995: result: yes
configure:6950: checking for unistd.h
configure:6971: rsdk-linux-gcc -c -Os  conftest.c >&5
configure:6978: $? = 0
configure:6995: result: yes
configure:7013: checking for dlfcn.h
configure:7034: rsdk-linux-gcc -c -Os  conftest.c >&5
configure:7041: $? = 0
configure:7058: result: yes
configure:7214: checking for objdir
configure:7229: result: .libs
configure:7525: checking if rsdk-linux-gcc supports -fno-rtti -fno-exceptions
configure:7543: rsdk-linux-gcc -c -Os  -fno-rtti -fno-exceptions conftest.c >&5
cc1: warning: command line option "-fno-rtti" is valid for C++/ObjC++ but not for C
configure:7547: $? = 0
configure:7560: result: no
configure:7580: checking for rsdk-linux-gcc option to produce PIC
configure:7852: result: -fPIC -DPIC
configure:7864: checking if rsdk-linux-gcc PIC flag -fPIC -DPIC works
configure:7882: rsdk-linux-gcc -c -Os  -fPIC -DPIC -DPIC conftest.c >&5
configure:7886: $? = 0
configure:7899: result: yes
configure:7923: checking if rsdk-linux-gcc static flag -static works
configure:7951: result: yes
configure:7966: checking if rsdk-linux-gcc supports -c -o file.o
configure:7987: rsdk-linux-gcc -c -Os  -o out/conftest2.o conftest.c >&5
configure:7991: $? = 0
configure:8013: result: yes
configure:8021: checking if rsdk-linux-gcc supports -c -o file.o
configure:8068: result: yes
configure:8101: checking whether the rsdk-linux-gcc linker (rsdk-linux-gcc) supports shared libraries
configure:9179: result: no
configure:9418: checking dynamic linker characteristics
configure:9861: rsdk-linux-gcc -o conftest -Os    conftest.c  >&5
configure:9868: $? = 0
configure:10113: result: GNU/Linux ld.so
configure:10215: checking how to hardcode library paths into programs
configure:10240: result: unsupported
configure:11073: checking whether stripping libraries is possible
configure:11078: result: yes
configure:11113: checking if libtool supports shared libraries
configure:11115: result: no
configure:11118: checking whether to build shared libraries
configure:11139: result: no
configure:11142: checking whether to build static libraries
configure:11146: result: yes
configure:11253: checking linux/dccp.h usability
configure:11270: rsdk-linux-gcc -c -Os  conftest.c >&5
configure:11277: $? = 0
configure:11291: result: yes
configure:11295: checking linux/dccp.h presence
configure:11310: rsdk-linux-gcc -E  conftest.c
configure:11317: $? = 0
configure:11331: result: yes
configure:11359: checking for linux/dccp.h
configure:11366: result: yes
configure:11624: creating ./config.status

## ---------------------- ##
## Running config.status. ##
## ---------------------- ##

This file was extended by iptables config.status 1.4.4, which was
generated by GNU Autoconf 2.63.  Invocation command line was

  CONFIG_FILES    = 
  CONFIG_HEADERS  = 
  CONFIG_LINKS    = 
  CONFIG_COMMANDS = 
  $ ./config.status 

on eoc-develop-1

config.status:1005: creating Makefile
config.status:1005: creating extensions/GNUmakefile
config.status:1005: creating include/Makefile
config.status:1005: creating libipq/Makefile
config.status:1005: creating include/xtables.h
config.status:1005: creating include/iptables/internal.h
config.status:1005: creating libiptc.pc
config.status:1005: creating xtables.pc
config.status:1005: creating config.h
config.status:1221: config.h is unchanged
config.status:1272: executing depfiles commands
config.status:1272: executing libtool commands

## ---------------- ##
## Cache variables. ##
## ---------------- ##

ac_cv_build=x86_64-unknown-linux-gnu
ac_cv_c_compiler_gnu=yes
ac_cv_env_CC_set=set
ac_cv_env_CC_value=rsdk-linux-gcc
ac_cv_env_CFLAGS_set=set
ac_cv_env_CFLAGS_value=-Os
ac_cv_env_CPPFLAGS_set=
ac_cv_env_CPPFLAGS_value=
ac_cv_env_CPP_set=
ac_cv_env_CPP_value=
ac_cv_env_LDFLAGS_set=
ac_cv_env_LDFLAGS_value=
ac_cv_env_LIBS_set=
ac_cv_env_LIBS_value=
ac_cv_env_build_alias_set=
ac_cv_env_build_alias_value=
ac_cv_env_host_alias_set=set
ac_cv_env_host_alias_value=mips-linux
ac_cv_env_target_alias_set=
ac_cv_env_target_alias_value=
ac_cv_header_dlfcn_h=yes
ac_cv_header_inttypes_h=yes
ac_cv_header_linux_dccp_h=yes
ac_cv_header_memory_h=yes
ac_cv_header_stdc=yes
ac_cv_header_stdint_h=yes
ac_cv_header_stdlib_h=yes
ac_cv_header_string_h=yes
ac_cv_header_strings_h=yes
ac_cv_header_sys_stat_h=yes
ac_cv_header_sys_types_h=yes
ac_cv_header_unistd_h=yes
ac_cv_host=mips-unknown-linux-gnu
ac_cv_objext=o
ac_cv_path_EGREP='/bin/grep -E'
ac_cv_path_FGREP='/bin/grep -F'
ac_cv_path_GREP=/bin/grep
ac_cv_path_SED=/opt/openwrt/bin/sed
ac_cv_path_install='/usr/bin/install -c'
ac_cv_prog_AR=rsdk-linux-ar
ac_cv_prog_AWK=gawk
ac_cv_prog_CC=rsdk-linux-gcc
ac_cv_prog_CPP='rsdk-linux-gcc -E'
ac_cv_prog_OBJDUMP=mips-linux-objdump
ac_cv_prog_RANLIB=rsdk-linux-ranlib
ac_cv_prog_STRIP=rsdk-linux-strip
ac_cv_prog_cc_c89=
ac_cv_prog_cc_g=yes
ac_cv_prog_cc_rsdk_linux_gcc_c_o=yes
ac_cv_prog_make_make_set=yes
am_cv_CC_dependencies_compiler_type=gcc3
lt_cv_deplibs_check_method=pass_all
lt_cv_file_magic_cmd='$MAGIC_CMD'
lt_cv_file_magic_test_file=
lt_cv_ld_reload_flag=-r
lt_cv_nm_interface='BSD nm'
lt_cv_objdir=.libs
lt_cv_path_LD=rsdk-linux-gcc
lt_cv_path_NM='/home/zhanghaiyang/rtl819x-sdk-v2.5/rtl819x/toolchain/rsdk-1.3.6-5281-EB-2.6.30-0.9.30/bin/mips-linux-nm -B'
lt_cv_prog_compiler_c_o=yes
lt_cv_prog_compiler_pic_works=yes
lt_cv_prog_compiler_rtti_exceptions=no
lt_cv_prog_compiler_static_works=yes
lt_cv_prog_gnu_ld=no
lt_cv_sys_global_symbol_pipe='sed -n -e '\''s/^.*[	 ]\([ABCDGIRSTW][ABCDGIRSTW]*\)[	 ][	 ]*\([_A-Za-z][_A-Za-z0-9]*\)$/\1 \2 \2/p'\'''
lt_cv_sys_global_symbol_to_c_name_address='sed -n -e '\''s/^: \([^ ]*\) $/  {\"\1\", (void *) 0},/p'\'' -e '\''s/^[ABCDGIRSTW]* \([^ ]*\) \([^ ]*\)$/  {"\2", (void *) \&\2},/p'\'''
lt_cv_sys_global_symbol_to_c_name_address_lib_prefix='sed -n -e '\''s/^: \([^ ]*\) $/  {\"\1\", (void *) 0},/p'\'' -e '\''s/^[ABCDGIRSTW]* \([^ ]*\) \(lib[^ ]*\)$/  {"\2", (void *) \&\2},/p'\'' -e '\''s/^[ABCDGIRSTW]* \([^ ]*\) \([^ ]*\)$/  {"lib\2", (void *) \&\2},/p'\'''
lt_cv_sys_global_symbol_to_cdecl='sed -n -e '\''s/^T .* \(.*\)$/extern int \1();/p'\'' -e '\''s/^[ABCDGIRSTW]* .* \(.*\)$/extern char \1;/p'\'''
lt_cv_sys_max_cmd_len=3458764513820540925

## ----------------- ##
## Output variables. ##
## ----------------- ##

ACLOCAL='${SHELL} /home/zhanghaiyang/rtl819x-sdk-v2.5/rtl819x/users/iptables-1.4.4/missing --run aclocal-1.9'
AMDEPBACKSLASH='\'
AMDEP_FALSE='#'
AMDEP_TRUE=''
AMTAR='${SHELL} /home/zhanghaiyang/rtl819x-sdk-v2.5/rtl819x/users/iptables-1.4.4/missing --run tar'
AR='rsdk-linux-ar'
AUTOCONF='${SHELL} /home/zhanghaiyang/rtl819x-sdk-v2.5/rtl819x/users/iptables-1.4.4/missing --run autoconf'
AUTOHEADER='${SHELL} /home/zhanghaiyang/rtl819x-sdk-v2.5/rtl819x/users/iptables-1.4.4/missing --run autoheader'
AUTOMAKE='${SHELL} /home/zhanghaiyang/rtl819x-sdk-v2.5/rtl819x/users/iptables-1.4.4/missing --run automake-1.9'
AWK='gawk'
CC='rsdk-linux-gcc'
CCDEPMODE='depmode=gcc3'
CFLAGS='-Os'
CPP='rsdk-linux-gcc -E'
CPPFLAGS=''
CYGPATH_W='echo'
DEFS='-DHAVE_CONFIG_H'
DEPDIR='.deps'
DSYMUTIL=''
DUMPBIN=''
ECHO_C=''
ECHO_N='-n'
ECHO_T=''
EGREP='/bin/grep -E'
ENABLE_DEVEL_FALSE='#'
ENABLE_DEVEL_TRUE=''
ENABLE_IPV4_FALSE='#'
ENABLE_IPV4_TRUE=''
ENABLE_IPV6_FALSE=''
ENABLE_IPV6_TRUE='#'
ENABLE_LIBIPQ_FALSE=''
ENABLE_LIBIPQ_TRUE='#'
ENABLE_SHARED_FALSE=''
ENABLE_SHARED_TRUE='#'
ENABLE_STATIC_FALSE='#'
ENABLE_STATIC_TRUE=''
EXEEXT=''
FGREP='/bin/grep -F'
GREP='/bin/grep'
INSTALL_DATA='${INSTALL} -m 644'
INSTALL_PROGRAM='${INSTALL}'
INSTALL_SCRIPT='${INSTALL}'
INSTALL_STRIP_PROGRAM='${SHELL} $(install_sh) -c -s'
LD='rsdk-linux-gcc'
LDFLAGS=''
LIBOBJS=''
LIBS=''
LIBTOOL='$(SHELL) $(top_builddir)/libtool'
LIPO=''
LN_S='ln -s'
LTLIBOBJS=''
MAKEINFO='${SHELL} /home/zhanghaiyang/rtl819x-sdk-v2.5/rtl819x/users/iptables-1.4.4/missing --run makeinfo'
NM='/home/zhanghaiyang/rtl819x-sdk-v2.5/rtl819x/toolchain/rsdk-1.3.6-5281-EB-2.6.30-0.9.30/bin/mips-linux-nm -B'
NMEDIT=''
OBJDUMP='mips-linux-objdump'
OBJEXT='o'
OTOOL64=''
OTOOL=''
PACKAGE='iptables'
PACKAGE_BUGREPORT=''
PACKAGE_NAME='iptables'
PACKAGE_STRING='iptables 1.4.4'
PACKAGE_TARNAME='iptables'
PACKAGE_VERSION='1.4.4'
PATH_SEPARATOR=':'
RANLIB='rsdk-linux-ranlib'
SED='/opt/openwrt/bin/sed'
SET_MAKE=''
SHELL='/bin/bash'
STRIP='rsdk-linux-strip'
VERSION='1.4.4'
ac_ct_CC=''
ac_ct_DUMPBIN=''
am__fastdepCC_FALSE='#'
am__fastdepCC_TRUE=''
am__include='include'
am__leading_dot='.'
am__quote=''
am__tar='${AMTAR} chof - "$$tardir"'
am__untar='${AMTAR} xf -'
bindir='${exec_prefix}/bin'
blacklist_modules=''
build='x86_64-unknown-linux-gnu'
build_alias=''
build_cpu='x86_64'
build_os='linux-gnu'
build_vendor='unknown'
datadir='${datarootdir}'
datarootdir='${prefix}/share'
docdir='${datarootdir}/doc/${PACKAGE_TARNAME}'
dvidir='${docdir}'
exec_prefix='${prefix}'
host='mips-unknown-linux-gnu'
host_alias='mips-linux'
host_cpu='mips'
host_os='linux-gnu'
host_vendor='unknown'
htmldir='${docdir}'
includedir='${prefix}/include'
infodir='${datarootdir}/info'
install_sh='/home/zhanghaiyang/rtl819x-sdk-v2.5/rtl819x/users/iptables-1.4.4/install-sh'
kbuilddir=''
kinclude_CFLAGS=' -I ../../linux-2.6.30/include'
ksourcedir='../../linux-2.6.30'
libdir='${exec_prefix}/lib'
libexecdir='${exec_prefix}/libexec'
libxtables_vage='0'
libxtables_vcurrent='2'
libxtables_vmajor='2'
localedir='${datarootdir}/locale'
localstatedir='${prefix}/var'
lt_ECHO='echo'
mandir='${datarootdir}/man'
mkdir_p='mkdir -p --'
oldincludedir='/usr/include'
pdfdir='${docdir}'
pkgconfigdir='${libdir}/pkgconfig'
prefix='/usr/local'
program_transform_name='s,x,x,'
psdir='${docdir}'
regular_CFLAGS='-D_LARGEFILE_SOURCE=1 -D_LARGE_FILES -D_FILE_OFFSET_BITS=64 	-D_REENTRANT -Wall -Waggregate-return -Wmissing-declarations 	-Wmissing-prototypes -Wredundant-decls -Wshadow -Wstrict-prototypes 	-Winline -pipe 	-DXTABLES_LIBDIR=\"${xtlibdir}\" -DXTABLES_INTERNAL'
sbindir='${exec_prefix}/sbin'
sharedstatedir='${prefix}/com'
sysconfdir='${prefix}/etc'
target_alias=''
xtlibdir='${exec_prefix}/libexec/xtables'

## ----------- ##
## confdefs.h. ##
## ----------- ##

#define PACKAGE_NAME "iptables"
#define PACKAGE_TARNAME "iptables"
#define PACKAGE_VERSION "1.4.4"
#define PACKAGE_STRING "iptables 1.4.4"
#define PACKAGE_BUGREPORT ""
#define PACKAGE "iptables"
#define VERSION "1.4.4"
#define STDC_HEADERS 1
#define HAVE_SYS_TYPES_H 1
#define HAVE_SYS_STAT_H 1
#define HAVE_STDLIB_H 1
#define HAVE_STRING_H 1
#define HAVE_MEMORY_H 1
#define HAVE_STRINGS_H 1
#define HAVE_INTTYPES_H 1
#define HAVE_STDINT_H 1
#define HAVE_UNISTD_H 1
#define HAVE_DLFCN_H 1
#define LT_OBJDIR ".libs/"

configure: exit 0
