This file contains any messages produced by compilers while
running configure, to aid debugging if configure makes a mistake.

It was created by libupnp configure 1.6.5, which was
generated by GNU Autoconf 2.60.  Invocation command line was

  $ ./configure --prefix=/home/wenjian_jia/trunk/users/dlna_dms/tmp CC=rsdk-linux-gcc --host=mips-linux --enable-static --enable-shared

## --------- ##
## Platform. ##
## --------- ##

hostname = APServer
uname -m = i686
uname -r = 2.6.18-164.el5PAE
uname -s = Linux
uname -v = #1 SMP Thu Sep 3 04:10:44 EDT 2009

/usr/bin/uname -p = unknown
/bin/uname -X     = unknown

/bin/arch              = i686
/usr/bin/arch -k       = unknown
/usr/convex/getsysinfo = unknown
/usr/bin/hostinfo      = unknown
/bin/machine           = unknown
/usr/bin/oslevel       = unknown
/bin/universe          = unknown

PATH: /home/wenjian_jia/trunk/toolchain/rsdk-1.3.6-5281-EB-2.6.30-0.9.30/bin
PATH: /usr/kerberos/bin
PATH: /usr/local/bin
PATH: /bin
PATH: /usr/bin
PATH: /home/wenjian_jia/bin
PATH: /sbin
PATH: /usr/sbin


## ----------- ##
## Core tests. ##
## ----------- ##

configure:2014: checking for a BSD-compatible install
configure:2070: result: /usr/bin/install -c
configure:2081: checking whether build environment is sane
configure:2124: result: yes
configure:2189: checking for gawk
configure:2205: found /bin/gawk
configure:2216: result: gawk
configure:2227: checking whether make sets $(MAKE)
configure:2248: result: yes
configure:2324: checking for mips-linux-strip
configure:2351: result: rsdk-linux-strip
configure:2443: checking build system type
configure:2461: result: i686-pc-linux-gnu
configure:2483: checking host system type
configure:2498: result: mips-unknown-linux-gnu
configure:2567: checking for --enable-debug
configure:2575: result: no
configure:2617: checking for --enable-client
configure:2625: result: yes
configure:2648: checking for --enable-device
configure:2656: result: yes
configure:2682: checking for --enable-webserver
configure:2690: result: yes
configure:2724: checking for --enable-tools
configure:2732: result: yes
configure:2755: checking for --enable-samples
configure:2763: result: yes
configure:2786: checking for documentation directory
configure:2814: result: ${datarootdir}/doc/libupnp-1.6.5
configure:2829: checking for mips-linux-gcc
configure:2856: result: rsdk-linux-gcc
configure:3134: checking for C compiler version
configure:3141: rsdk-linux-gcc --version >&5
mips-linux-gcc (GCC) 3.4.6-1.3.6
Copyright (C) 2006 Free Software Foundation, Inc.
This is free software; see the source for copying conditions.  There is NO
warranty; not even for MERCHANTABILITY or FITNESS FOR A PARTICULAR PURPOSE.

configure:3144: $? = 0
configure:3151: rsdk-linux-gcc -v >&5
Reading specs from /home/wenjian_jia/trunk/toolchain/rsdk-1.3.6-5281-EB-2.6.30-0.9.30/bin/../lib/gcc/mips-linux/3.4.6-1.3.6/specs
Configured with: RSDK Builder release 1.3
Thread model: posix
gcc version 3.4.6-1.3.6
configure:3154: $? = 0
configure:3161: rsdk-linux-gcc -V >&5
mips-linux-gcc: `-V' must come at the start of the command line
configure:3164: $? = 1
configure:3187: checking for C compiler default output file name
configure:3214: rsdk-linux-gcc -I/home/wenjian_jia/trunk/target/tmpfs/include -I/home/wenjian_jia/trunk/target/tmpfs/include   conftest.c  >&5
configure:3217: $? = 0
configure:3263: result: a.out
configure:3268: checking whether the C compiler works
configure:3278: ./a.out
./configure: line 3279: ./a.out: cannot execute binary file
configure:3281: $? = 126
configure:3298: result: yes
configure:3305: checking whether we are cross compiling
configure:3307: result: yes
configure:3310: checking for suffix of executables
configure:3317: rsdk-linux-gcc -o conftest -I/home/wenjian_jia/trunk/target/tmpfs/include -I/home/wenjian_jia/trunk/target/tmpfs/include   conftest.c  >&5
configure:3320: $? = 0
configure:3344: result: 
configure:3350: checking for suffix of object files
configure:3376: rsdk-linux-gcc -c -I/home/wenjian_jia/trunk/target/tmpfs/include -I/home/wenjian_jia/trunk/target/tmpfs/include  conftest.c >&5
configure:3379: $? = 0
configure:3402: result: o
configure:3406: checking whether we are using the GNU C compiler
configure:3435: rsdk-linux-gcc -c -I/home/wenjian_jia/trunk/target/tmpfs/include -I/home/wenjian_jia/trunk/target/tmpfs/include  conftest.c >&5
configure:3441: $? = 0
configure:3448: test -z "$ac_c_werror_flag" || test ! -s conftest.err
configure:3451: $? = 0
configure:3458: test -s conftest.o
configure:3461: $? = 0
configure:3475: result: yes
configure:3480: checking whether rsdk-linux-gcc accepts -g
configure:3510: rsdk-linux-gcc -c -g  conftest.c >&5
configure:3516: $? = 0
configure:3523: test -z "$ac_c_werror_flag" || test ! -s conftest.err
configure:3526: $? = 0
configure:3533: test -s conftest.o
configure:3536: $? = 0
configure:3666: result: yes
configure:3683: checking for rsdk-linux-gcc option to accept ISO C89
configure:3757: rsdk-linux-gcc  -c -I/home/wenjian_jia/trunk/target/tmpfs/include -I/home/wenjian_jia/trunk/target/tmpfs/include  conftest.c >&5
configure:3763: $? = 0
configure:3770: test -z "$ac_c_werror_flag" || test ! -s conftest.err
configure:3773: $? = 0
configure:3780: test -s conftest.o
configure:3783: $? = 0
configure:3803: result: none needed
configure:3832: checking for style of include used by make
configure:3860: result: GNU
configure:3888: checking dependency style of rsdk-linux-gcc
configure:3978: result: gcc3
configure:3996: checking whether rsdk-linux-gcc and cc understand -c and -o together
configure:4031: rsdk-linux-gcc -c conftest.c -o conftest2.o >&5
configure:4034: $? = 0
configure:4040: rsdk-linux-gcc -c conftest.c -o conftest2.o >&5
configure:4043: $? = 0
configure:4054: cc -c conftest.c >&5
configure:4057: $? = 0
configure:4065: cc -c conftest.c -o conftest2.o >&5
configure:4068: $? = 0
configure:4074: cc -c conftest.c -o conftest2.o >&5
configure:4077: $? = 0
configure:4095: result: yes
configure:4192: checking for a sed that does not truncate output
configure:4246: result: /bin/sed
configure:4249: checking for grep that handles long lines and -e
configure:4323: result: /bin/grep
configure:4328: checking for egrep
configure:4406: result: /bin/grep -E
configure:4422: checking for ld used by rsdk-linux-gcc
configure:4489: result: rsdk-linux-gcc
configure:4498: checking if the linker (rsdk-linux-gcc) is GNU ld
configure:4513: result: no
configure:4518: checking for rsdk-linux-gcc option to reload object files
configure:4525: result: -r
configure:4543: checking for BSD-compatible nm
configure:4592: result: /home/wenjian_jia/trunk/toolchain/rsdk-1.3.6-5281-EB-2.6.30-0.9.30/bin/mips-linux-nm -B
configure:4596: checking whether ln -s works
configure:4600: result: yes
configure:4607: checking how to recognise dependent libraries
configure:4783: result: pass_all
configure:5033: checking how to run the C preprocessor
configure:5073: rsdk-linux-gcc -E  conftest.c
configure:5079: $? = 0
configure:5117: rsdk-linux-gcc -E  conftest.c
conftest.c:20:28: ac_nonexistent.h: No such file or directory
configure:5123: $? = 1
configure: failed program was:
| /* confdefs.h.  */
| #define PACKAGE_NAME "libupnp"
| #define PACKAGE_TARNAME "libupnp"
| #define PACKAGE_VERSION "1.6.5"
| #define PACKAGE_STRING "libupnp 1.6.5"
| #define PACKAGE_BUGREPORT "mroberto@users.sourceforge.net"
| #define PACKAGE "libupnp"
| #define VERSION "1.6.5"
| #define UPNP_VERSION_STRING "1.6.5"
| #define UPNP_VERSION_MAJOR 1
| #define UPNP_VERSION_MINOR 6
| #define UPNP_VERSION_PATCH 5
| #define NO_DEBUG 1
| #define NDEBUG 1
| #define UPNP_HAVE_CLIENT 1
| #define UPNP_HAVE_DEVICE 1
| #define UPNP_HAVE_WEBSERVER 1
| #define UPNP_HAVE_TOOLS 1
| /* end confdefs.h.  */
| #include <ac_nonexistent.h>
configure:5163: result: rsdk-linux-gcc -E
configure:5192: rsdk-linux-gcc -E  conftest.c
configure:5198: $? = 0
configure:5236: rsdk-linux-gcc -E  conftest.c
conftest.c:20:28: ac_nonexistent.h: No such file or directory
configure:5242: $? = 1
configure: failed program was:
| /* confdefs.h.  */
| #define PACKAGE_NAME "libupnp"
| #define PACKAGE_TARNAME "libupnp"
| #define PACKAGE_VERSION "1.6.5"
| #define PACKAGE_STRING "libupnp 1.6.5"
| #define PACKAGE_BUGREPORT "mroberto@users.sourceforge.net"
| #define PACKAGE "libupnp"
| #define VERSION "1.6.5"
| #define UPNP_VERSION_STRING "1.6.5"
| #define UPNP_VERSION_MAJOR 1
| #define UPNP_VERSION_MINOR 6
| #define UPNP_VERSION_PATCH 5
| #define NO_DEBUG 1
| #define NDEBUG 1
| #define UPNP_HAVE_CLIENT 1
| #define UPNP_HAVE_DEVICE 1
| #define UPNP_HAVE_WEBSERVER 1
| #define UPNP_HAVE_TOOLS 1
| /* end confdefs.h.  */
| #include <ac_nonexistent.h>
configure:5287: checking for ANSI C header files
configure:5317: rsdk-linux-gcc -c -I/home/wenjian_jia/trunk/target/tmpfs/include -I/home/wenjian_jia/trunk/target/tmpfs/include  conftest.c >&5
configure:5323: $? = 0
configure:5330: test -z "$ac_c_werror_flag" || test ! -s conftest.err
configure:5333: $? = 0
configure:5340: test -s conftest.o
configure:5343: $? = 0
configure:5468: result: yes
configure:5492: checking for sys/types.h
configure:5513: rsdk-linux-gcc -c -I/home/wenjian_jia/trunk/target/tmpfs/include -I/home/wenjian_jia/trunk/target/tmpfs/include  conftest.c >&5
configure:5519: $? = 0
configure:5526: test -z "$ac_c_werror_flag" || test ! -s conftest.err
configure:5529: $? = 0
configure:5536: test -s conftest.o
configure:5539: $? = 0
configure:5552: result: yes
configure:5492: checking for sys/stat.h
configure:5513: rsdk-linux-gcc -c -I/home/wenjian_jia/trunk/target/tmpfs/include -I/home/wenjian_jia/trunk/target/tmpfs/include  conftest.c >&5
configure:5519: $? = 0
configure:5526: test -z "$ac_c_werror_flag" || test ! -s conftest.err
configure:5529: $? = 0
configure:5536: test -s conftest.o
configure:5539: $? = 0
configure:5552: result: yes
configure:5492: checking for stdlib.h
configure:5513: rsdk-linux-gcc -c -I/home/wenjian_jia/trunk/target/tmpfs/include -I/home/wenjian_jia/trunk/target/tmpfs/include  conftest.c >&5
configure:5519: $? = 0
configure:5526: test -z "$ac_c_werror_flag" || test ! -s conftest.err
configure:5529: $? = 0
configure:5536: test -s conftest.o
configure:5539: $? = 0
configure:5552: result: yes
configure:5492: checking for string.h
configure:5513: rsdk-linux-gcc -c -I/home/wenjian_jia/trunk/target/tmpfs/include -I/home/wenjian_jia/trunk/target/tmpfs/include  conftest.c >&5
configure:5519: $? = 0
configure:5526: test -z "$ac_c_werror_flag" || test ! -s conftest.err
configure:5529: $? = 0
configure:5536: test -s conftest.o
configure:5539: $? = 0
configure:5552: result: yes
configure:5492: checking for memory.h
configure:5513: rsdk-linux-gcc -c -I/home/wenjian_jia/trunk/target/tmpfs/include -I/home/wenjian_jia/trunk/target/tmpfs/include  conftest.c >&5
configure:5519: $? = 0
configure:5526: test -z "$ac_c_werror_flag" || test ! -s conftest.err
configure:5529: $? = 0
configure:5536: test -s conftest.o
configure:5539: $? = 0
configure:5552: result: yes
configure:5492: checking for strings.h
configure:5513: rsdk-linux-gcc -c -I/home/wenjian_jia/trunk/target/tmpfs/include -I/home/wenjian_jia/trunk/target/tmpfs/include  conftest.c >&5
configure:5519: $? = 0
configure:5526: test -z "$ac_c_werror_flag" || test ! -s conftest.err
configure:5529: $? = 0
configure:5536: test -s conftest.o
configure:5539: $? = 0
configure:5552: result: yes
configure:5492: checking for inttypes.h
configure:5513: rsdk-linux-gcc -c -I/home/wenjian_jia/trunk/target/tmpfs/include -I/home/wenjian_jia/trunk/target/tmpfs/include  conftest.c >&5
configure:5519: $? = 0
configure:5526: test -z "$ac_c_werror_flag" || test ! -s conftest.err
configure:5529: $? = 0
configure:5536: test -s conftest.o
configure:5539: $? = 0
configure:5552: result: yes
configure:5492: checking for stdint.h
configure:5513: rsdk-linux-gcc -c -I/home/wenjian_jia/trunk/target/tmpfs/include -I/home/wenjian_jia/trunk/target/tmpfs/include  conftest.c >&5
configure:5519: $? = 0
configure:5526: test -z "$ac_c_werror_flag" || test ! -s conftest.err
configure:5529: $? = 0
configure:5536: test -s conftest.o
configure:5539: $? = 0
configure:5552: result: yes
configure:5492: checking for unistd.h
configure:5513: rsdk-linux-gcc -c -I/home/wenjian_jia/trunk/target/tmpfs/include -I/home/wenjian_jia/trunk/target/tmpfs/include  conftest.c >&5
configure:5519: $? = 0
configure:5526: test -z "$ac_c_werror_flag" || test ! -s conftest.err
configure:5529: $? = 0
configure:5536: test -s conftest.o
configure:5539: $? = 0
configure:5552: result: yes
configure:5579: checking dlfcn.h usability
configure:5596: rsdk-linux-gcc -c -I/home/wenjian_jia/trunk/target/tmpfs/include -I/home/wenjian_jia/trunk/target/tmpfs/include  conftest.c >&5
configure:5602: $? = 0
configure:5609: test -z "$ac_c_werror_flag" || test ! -s conftest.err
configure:5612: $? = 0
configure:5619: test -s conftest.o
configure:5622: $? = 0
configure:5633: result: yes
configure:5637: checking dlfcn.h presence
configure:5652: rsdk-linux-gcc -E  conftest.c
configure:5658: $? = 0
configure:5679: result: yes
configure:5712: checking for dlfcn.h
configure:5720: result: yes
configure:5849: checking for C++ compiler version
configure:5856: rsdk-linux-g++ --version >&5
mips-linux-g++ (GCC) 3.4.6-1.3.6
Copyright (C) 2006 Free Software Foundation, Inc.
This is free software; see the source for copying conditions.  There is NO
warranty; not even for MERCHANTABILITY or FITNESS FOR A PARTICULAR PURPOSE.

configure:5859: $? = 0
configure:5866: rsdk-linux-g++ -v >&5
Reading specs from /home/wenjian_jia/trunk/toolchain/rsdk-1.3.6-5281-EB-2.6.30-0.9.30/bin/../lib/gcc/mips-linux/3.4.6-1.3.6/specs
Configured with: RSDK Builder release 1.3
Thread model: posix
gcc version 3.4.6-1.3.6
configure:5869: $? = 0
configure:5876: rsdk-linux-g++ -V >&5
mips-linux-g++: argument to `-V' missing

configure:5879: $? = 1
configure:5882: checking whether we are using the GNU C++ compiler
configure:5911: rsdk-linux-g++ -c   conftest.cpp >&5
configure:5917: $? = 0
configure:5924: test -z "$ac_cxx_werror_flag" || test ! -s conftest.err
configure:5927: $? = 0
configure:5934: test -s conftest.o
configure:5937: $? = 0
configure:5951: result: yes
configure:5956: checking whether rsdk-linux-g++ accepts -g
configure:5986: rsdk-linux-g++ -c -g  conftest.cpp >&5
configure:5992: $? = 0
configure:5999: test -z "$ac_cxx_werror_flag" || test ! -s conftest.err
configure:6002: $? = 0
configure:6009: test -s conftest.o
configure:6012: $? = 0
configure:6142: result: yes
configure:6167: checking dependency style of rsdk-linux-g++
configure:6257: result: gcc3
configure:6284: checking how to run the C++ preprocessor
configure:6320: rsdk-linux-g++ -E  conftest.cpp
configure:6326: $? = 0
configure:6364: rsdk-linux-g++ -E  conftest.cpp
conftest.cpp:31:28: ac_nonexistent.h: No such file or directory
configure:6370: $? = 1
configure: failed program was:
| /* confdefs.h.  */
| #define PACKAGE_NAME "libupnp"
| #define PACKAGE_TARNAME "libupnp"
| #define PACKAGE_VERSION "1.6.5"
| #define PACKAGE_STRING "libupnp 1.6.5"
| #define PACKAGE_BUGREPORT "mroberto@users.sourceforge.net"
| #define PACKAGE "libupnp"
| #define VERSION "1.6.5"
| #define UPNP_VERSION_STRING "1.6.5"
| #define UPNP_VERSION_MAJOR 1
| #define UPNP_VERSION_MINOR 6
| #define UPNP_VERSION_PATCH 5
| #define NO_DEBUG 1
| #define NDEBUG 1
| #define UPNP_HAVE_CLIENT 1
| #define UPNP_HAVE_DEVICE 1
| #define UPNP_HAVE_WEBSERVER 1
| #define UPNP_HAVE_TOOLS 1
| #define STDC_HEADERS 1
| #define HAVE_SYS_TYPES_H 1
| #define HAVE_SYS_STAT_H 1
| #define HAVE_STDLIB_H 1
| #define HAVE_STRING_H 1
| #define HAVE_MEMORY_H 1
| #define HAVE_STRINGS_H 1
| #define HAVE_INTTYPES_H 1
| #define HAVE_STDINT_H 1
| #define HAVE_UNISTD_H 1
| #define HAVE_DLFCN_H 1
| /* end confdefs.h.  */
| #include <ac_nonexistent.h>
configure:6410: result: rsdk-linux-g++ -E
configure:6439: rsdk-linux-g++ -E  conftest.cpp
configure:6445: $? = 0
configure:6483: rsdk-linux-g++ -E  conftest.cpp
conftest.cpp:31:28: ac_nonexistent.h: No such file or directory
configure:6489: $? = 1
configure: failed program was:
| /* confdefs.h.  */
| #define PACKAGE_NAME "libupnp"
| #define PACKAGE_TARNAME "libupnp"
| #define PACKAGE_VERSION "1.6.5"
| #define PACKAGE_STRING "libupnp 1.6.5"
| #define PACKAGE_BUGREPORT "mroberto@users.sourceforge.net"
| #define PACKAGE "libupnp"
| #define VERSION "1.6.5"
| #define UPNP_VERSION_STRING "1.6.5"
| #define UPNP_VERSION_MAJOR 1
| #define UPNP_VERSION_MINOR 6
| #define UPNP_VERSION_PATCH 5
| #define NO_DEBUG 1
| #define NDEBUG 1
| #define UPNP_HAVE_CLIENT 1
| #define UPNP_HAVE_DEVICE 1
| #define UPNP_HAVE_WEBSERVER 1
| #define UPNP_HAVE_TOOLS 1
| #define STDC_HEADERS 1
| #define HAVE_SYS_TYPES_H 1
| #define HAVE_SYS_STAT_H 1
| #define HAVE_STDLIB_H 1
| #define HAVE_STRING_H 1
| #define HAVE_MEMORY_H 1
| #define HAVE_STRINGS_H 1
| #define HAVE_INTTYPES_H 1
| #define HAVE_STDINT_H 1
| #define HAVE_UNISTD_H 1
| #define HAVE_DLFCN_H 1
| /* end confdefs.h.  */
| #include <ac_nonexistent.h>
configure:6545: checking for mips-linux-g77
configure:6575: result: no
configure:6545: checking for mips-linux-f77
configure:6575: result: no
configure:6545: checking for mips-linux-xlf
configure:6575: result: no
configure:6545: checking for mips-linux-frt
configure:6575: result: no
configure:6545: checking for mips-linux-pgf77
configure:6575: result: no
configure:6545: checking for mips-linux-cf77
configure:6575: result: no
configure:6545: checking for mips-linux-fort77
configure:6575: result: no
configure:6545: checking for mips-linux-fl32
configure:6575: result: no
configure:6545: checking for mips-linux-af77
configure:6575: result: no
configure:6545: checking for mips-linux-f90
configure:6575: result: no
configure:6545: checking for mips-linux-xlf90
configure:6575: result: no
configure:6545: checking for mips-linux-pgf90
configure:6575: result: no
configure:6545: checking for mips-linux-pghpf
configure:6575: result: no
configure:6545: checking for mips-linux-epcf90
configure:6575: result: no
configure:6545: checking for mips-linux-gfortran
configure:6575: result: no
configure:6545: checking for mips-linux-g95
configure:6575: result: no
configure:6545: checking for mips-linux-f95
configure:6575: result: no
configure:6545: checking for mips-linux-fort
configure:6575: result: no
configure:6545: checking for mips-linux-xlf95
configure:6575: result: no
configure:6545: checking for mips-linux-ifort
configure:6575: result: no
configure:6545: checking for mips-linux-ifc
configure:6575: result: no
configure:6545: checking for mips-linux-efc
configure:6575: result: no
configure:6545: checking for mips-linux-pgf95
configure:6575: result: no
configure:6545: checking for mips-linux-lf95
configure:6575: result: no
configure:6545: checking for mips-linux-ftn
configure:6575: result: no
configure:6589: checking for g77
configure:6619: result: no
configure:6589: checking for f77
configure:6619: result: no
configure:6589: checking for xlf
configure:6619: result: no
configure:6589: checking for frt
configure:6619: result: no
configure:6589: checking for pgf77
configure:6619: result: no
configure:6589: checking for cf77
configure:6619: result: no
configure:6589: checking for fort77
configure:6619: result: no
configure:6589: checking for fl32
configure:6619: result: no
configure:6589: checking for af77
configure:6619: result: no
configure:6589: checking for f90
configure:6619: result: no
configure:6589: checking for xlf90
configure:6619: result: no
configure:6589: checking for pgf90
configure:6619: result: no
configure:6589: checking for pghpf
configure:6619: result: no
configure:6589: checking for epcf90
configure:6619: result: no
configure:6589: checking for gfortran
configure:6619: result: no
configure:6589: checking for g95
configure:6619: result: no
configure:6589: checking for f95
configure:6619: result: no
configure:6589: checking for fort
configure:6619: result: no
configure:6589: checking for xlf95
configure:6619: result: no
configure:6589: checking for ifort
configure:6619: result: no
configure:6589: checking for ifc
configure:6619: result: no
configure:6589: checking for efc
configure:6619: result: no
configure:6589: checking for pgf95
configure:6619: result: no
configure:6589: checking for lf95
configure:6619: result: no
configure:6589: checking for ftn
configure:6619: result: no
configure:6646: checking for Fortran 77 compiler version
configure:6653:  --version >&5
./configure: line 6654: --version: command not found
configure:6656: $? = 127
configure:6663:  -v >&5
./configure: line 6664: -v: command not found
configure:6666: $? = 127
configure:6673:  -V >&5
./configure: line 6674: -V: command not found
configure:6676: $? = 127
configure:6684: checking whether we are using the GNU Fortran 77 compiler
configure:6703:  -c  conftest.F >&5
./configure: line 6704: -c: command not found
configure:6709: $? = 127
configure: failed program was:
|       program main
| #ifndef __GNUC__
|        choke me
| #endif
| 
|       end
configure:6743: result: no
configure:6749: checking whether  accepts -g
configure:6766:  -c -g conftest.f >&5
./configure: line 6767: -c: command not found
configure:6772: $? = 127
configure: failed program was:
|       program main
| 
|       end
configure:6805: result: no
configure:6835: checking the maximum length of command line arguments
configure:6944: result: 32768
configure:6955: checking command to parse /home/wenjian_jia/trunk/toolchain/rsdk-1.3.6-5281-EB-2.6.30-0.9.30/bin/mips-linux-nm -B output from rsdk-linux-gcc object
configure:7060: rsdk-linux-gcc -c -I/home/wenjian_jia/trunk/target/tmpfs/include -I/home/wenjian_jia/trunk/target/tmpfs/include  conftest.c >&5
configure:7063: $? = 0
configure:7067: /home/wenjian_jia/trunk/toolchain/rsdk-1.3.6-5281-EB-2.6.30-0.9.30/bin/mips-linux-nm -B conftest.o \| sed -n -e 's/^.*[ 	]\([ABCDGIRSTW][ABCDGIRSTW]*\)[ 	][ 	]*\([_A-Za-z][_A-Za-z0-9]*\)$/\1 \2 \2/p' \> conftest.nm
configure:7070: $? = 0
configure:7122: rsdk-linux-gcc -o conftest -I/home/wenjian_jia/trunk/target/tmpfs/include -I/home/wenjian_jia/trunk/target/tmpfs/include   conftest.c conftstm.o >&5
configure:7125: $? = 0
configure:7163: result: ok
configure:7167: checking for objdir
configure:7182: result: .libs
configure:7234: checking for mips-linux-ar
configure:7261: result: rsdk-linux-ar
configure:7330: checking for mips-linux-ranlib
configure:7357: result: rsdk-linux-ranlib
configure:7426: checking for mips-linux-strip
configure:7453: result: rsdk-linux-strip
configure:7779: checking if rsdk-linux-gcc supports -fno-rtti -fno-exceptions
configure:7797: rsdk-linux-gcc -c -I/home/wenjian_jia/trunk/target/tmpfs/include -I/home/wenjian_jia/trunk/target/tmpfs/include  -fno-rtti -fno-exceptions conftest.c >&5
cc1: warning: command line option "-fno-rtti" is valid for C++/ObjC++ but not for C
configure:7801: $? = 0
configure:7814: result: no
configure:7829: checking for rsdk-linux-gcc option to produce PIC
configure:8039: result: -fPIC
configure:8047: checking if rsdk-linux-gcc PIC flag -fPIC works
configure:8065: rsdk-linux-gcc -c -I/home/wenjian_jia/trunk/target/tmpfs/include -I/home/wenjian_jia/trunk/target/tmpfs/include  -fPIC -DPIC conftest.c >&5
configure:8069: $? = 0
configure:8082: result: yes
configure:8110: checking if rsdk-linux-gcc static flag -static works
configure:8138: result: yes
configure:8148: checking if rsdk-linux-gcc supports -c -o file.o
configure:8169: rsdk-linux-gcc -c -I/home/wenjian_jia/trunk/target/tmpfs/include -I/home/wenjian_jia/trunk/target/tmpfs/include  -o out/conftest2.o conftest.c >&5
configure:8173: $? = 0
configure:8195: result: yes
configure:8221: checking whether the rsdk-linux-gcc linker (rsdk-linux-gcc) supports shared libraries
configure:9207: result: no
configure:9274: checking dynamic linker characteristics
configure:9862: result: GNU/Linux ld.so
configure:9871: checking how to hardcode library paths into programs
configure:9896: result: unsupported
configure:9910: checking whether stripping libraries is possible
configure:9915: result: yes
configure:10828: checking if libtool supports shared libraries
configure:10830: result: no
configure:10833: checking whether to build shared libraries
configure:10854: result: no
configure:10857: checking whether to build static libraries
configure:10861: result: yes
configure:10953: creating libtool
configure:11541: checking for ld used by rsdk-linux-g++
configure:11608: result: rsdk-linux-gcc
configure:11617: checking if the linker (rsdk-linux-gcc) is GNU ld
configure:11632: result: no
configure:11683: checking whether the rsdk-linux-g++ linker (rsdk-linux-gcc) supports shared libraries
configure:12649: result: yes
configure:12667: rsdk-linux-g++ -c -g -O2  conftest.cpp >&5
configure:12670: $? = 0
configure:12789: checking for rsdk-linux-g++ option to produce PIC
configure:13063: result: -fPIC
configure:13071: checking if rsdk-linux-g++ PIC flag -fPIC works
configure:13089: rsdk-linux-g++ -c -g -O2  -fPIC -DPIC conftest.cpp >&5
configure:13093: $? = 0
configure:13106: result: yes
configure:13134: checking if rsdk-linux-g++ static flag -static works
configure:13162: result: yes
configure:13172: checking if rsdk-linux-g++ supports -c -o file.o
configure:13193: rsdk-linux-g++ -c -g -O2  -o out/conftest2.o conftest.cpp >&5
configure:13197: $? = 0
configure:13219: result: yes
configure:13245: checking whether the rsdk-linux-g++ linker (rsdk-linux-gcc) supports shared libraries
configure:13270: result: yes
configure:13337: checking dynamic linker characteristics
configure:13925: result: GNU/Linux ld.so
configure:13934: checking how to hardcode library paths into programs
configure:13959: result: unsupported
configure:20176: checking for a BSD-compatible install
configure:20232: result: /usr/bin/install -c
configure:20243: checking whether make sets $(MAKE)
configure:20264: result: yes
configure:20273: checking for egrep
configure:20351: result: /bin/grep -E
configure:20375: checking CFLAGS for gcc -Os
configure:20412: rsdk-linux-gcc -c -I/home/wenjian_jia/trunk/target/tmpfs/include -I/home/wenjian_jia/trunk/target/tmpfs/include -pedantic -Werror  -Os  conftest.c >&5
configure:20418: $? = 0
configure:20425: test -z "$ac_c_werror_flag" || test ! -s conftest.err
configure:20428: $? = 0
configure:20435: test -s conftest.o
configure:20438: $? = 0
configure:20459: result: -Os
configure:20471: : CFLAGS="$CFLAGS $ac_cv_cflags_gcc_option__Os"
configure:20474: $? = 0
configure:20485: checking CFLAGS for maximum warnings
configure:20522: rsdk-linux-gcc -c -I/home/wenjian_jia/trunk/target/tmpfs/include -I/home/wenjian_jia/trunk/target/tmpfs/include -Os -pedantic  -Wall  conftest.c >&5
configure:20528: $? = 0
configure:20535: test -z "$ac_c_werror_flag" || test ! -s conftest.err
configure:20538: $? = 0
configure:20545: test -s conftest.o
configure:20548: $? = 0
configure:20569: result: -Wall
configure:20582: : CFLAGS="$CFLAGS $ac_cv_cflags_warn_all"
configure:20585: $? = 0
configure:20598: checking for size_t
configure:20628: rsdk-linux-gcc -c -I/home/wenjian_jia/trunk/target/tmpfs/include -I/home/wenjian_jia/trunk/target/tmpfs/include -Os -Wall  conftest.c >&5
configure:20634: $? = 0
configure:20641: test -z "$ac_c_werror_flag" || test ! -s conftest.err
configure:20644: $? = 0
configure:20651: test -s conftest.o
configure:20654: $? = 0
configure:20666: result: yes
configure:20678: checking for off_t
configure:20708: rsdk-linux-gcc -c -I/home/wenjian_jia/trunk/target/tmpfs/include -I/home/wenjian_jia/trunk/target/tmpfs/include -Os -Wall  conftest.c >&5
configure:20714: $? = 0
configure:20721: test -z "$ac_c_werror_flag" || test ! -s conftest.err
configure:20724: $? = 0
configure:20731: test -s conftest.o
configure:20734: $? = 0
configure:20746: result: yes
configure:20773: checking for ANSI C header files
configure:20954: result: yes
configure:21009: checking arpa/inet.h usability
configure:21026: rsdk-linux-gcc -c -I/home/wenjian_jia/trunk/target/tmpfs/include -I/home/wenjian_jia/trunk/target/tmpfs/include -Os -Wall  conftest.c >&5
configure:21032: $? = 0
configure:21039: test -z "$ac_c_werror_flag" || test ! -s conftest.err
configure:21042: $? = 0
configure:21049: test -s conftest.o
configure:21052: $? = 0
configure:21063: result: yes
configure:21067: checking arpa/inet.h presence
configure:21082: rsdk-linux-gcc -E  conftest.c
configure:21088: $? = 0
configure:21109: result: yes
configure:21142: checking for arpa/inet.h
configure:21150: result: yes
configure:21009: checking fcntl.h usability
configure:21026: rsdk-linux-gcc -c -I/home/wenjian_jia/trunk/target/tmpfs/include -I/home/wenjian_jia/trunk/target/tmpfs/include -Os -Wall  conftest.c >&5
configure:21032: $? = 0
configure:21039: test -z "$ac_c_werror_flag" || test ! -s conftest.err
configure:21042: $? = 0
configure:21049: test -s conftest.o
configure:21052: $? = 0
configure:21063: result: yes
configure:21067: checking fcntl.h presence
configure:21082: rsdk-linux-gcc -E  conftest.c
configure:21088: $? = 0
configure:21109: result: yes
configure:21142: checking for fcntl.h
configure:21150: result: yes
configure:20999: checking for inttypes.h
configure:21005: result: yes
configure:21009: checking limits.h usability
configure:21026: rsdk-linux-gcc -c -I/home/wenjian_jia/trunk/target/tmpfs/include -I/home/wenjian_jia/trunk/target/tmpfs/include -Os -Wall  conftest.c >&5
configure:21032: $? = 0
configure:21039: test -z "$ac_c_werror_flag" || test ! -s conftest.err
configure:21042: $? = 0
configure:21049: test -s conftest.o
configure:21052: $? = 0
configure:21063: result: yes
configure:21067: checking limits.h presence
configure:21082: rsdk-linux-gcc -E  conftest.c
configure:21088: $? = 0
configure:21109: result: yes
configure:21142: checking for limits.h
configure:21150: result: yes
configure:21009: checking netdb.h usability
configure:21026: rsdk-linux-gcc -c -I/home/wenjian_jia/trunk/target/tmpfs/include -I/home/wenjian_jia/trunk/target/tmpfs/include -Os -Wall  conftest.c >&5
configure:21032: $? = 0
configure:21039: test -z "$ac_c_werror_flag" || test ! -s conftest.err
configure:21042: $? = 0
configure:21049: test -s conftest.o
configure:21052: $? = 0
configure:21063: result: yes
configure:21067: checking netdb.h presence
configure:21082: rsdk-linux-gcc -E  conftest.c
configure:21088: $? = 0
configure:21109: result: yes
configure:21142: checking for netdb.h
configure:21150: result: yes
configure:21009: checking netinet/in.h usability
configure:21026: rsdk-linux-gcc -c -I/home/wenjian_jia/trunk/target/tmpfs/include -I/home/wenjian_jia/trunk/target/tmpfs/include -Os -Wall  conftest.c >&5
configure:21032: $? = 0
configure:21039: test -z "$ac_c_werror_flag" || test ! -s conftest.err
configure:21042: $? = 0
configure:21049: test -s conftest.o
configure:21052: $? = 0
configure:21063: result: yes
configure:21067: checking netinet/in.h presence
configure:21082: rsdk-linux-gcc -E  conftest.c
configure:21088: $? = 0
configure:21109: result: yes
configure:21142: checking for netinet/in.h
configure:21150: result: yes
configure:20999: checking for stdlib.h
configure:21005: result: yes
configure:20999: checking for string.h
configure:21005: result: yes
configure:21009: checking sys/ioctl.h usability
configure:21026: rsdk-linux-gcc -c -I/home/wenjian_jia/trunk/target/tmpfs/include -I/home/wenjian_jia/trunk/target/tmpfs/include -Os -Wall  conftest.c >&5
configure:21032: $? = 0
configure:21039: test -z "$ac_c_werror_flag" || test ! -s conftest.err
configure:21042: $? = 0
configure:21049: test -s conftest.o
configure:21052: $? = 0
configure:21063: result: yes
configure:21067: checking sys/ioctl.h presence
configure:21082: rsdk-linux-gcc -E  conftest.c
configure:21088: $? = 0
configure:21109: result: yes
configure:21142: checking for sys/ioctl.h
configure:21150: result: yes
configure:21009: checking sys/socket.h usability
configure:21026: rsdk-linux-gcc -c -I/home/wenjian_jia/trunk/target/tmpfs/include -I/home/wenjian_jia/trunk/target/tmpfs/include -Os -Wall  conftest.c >&5
configure:21032: $? = 0
configure:21039: test -z "$ac_c_werror_flag" || test ! -s conftest.err
configure:21042: $? = 0
configure:21049: test -s conftest.o
configure:21052: $? = 0
configure:21063: result: yes
configure:21067: checking sys/socket.h presence
configure:21082: rsdk-linux-gcc -E  conftest.c
configure:21088: $? = 0
configure:21109: result: yes
configure:21142: checking for sys/socket.h
configure:21150: result: yes
configure:21009: checking sys/time.h usability
configure:21026: rsdk-linux-gcc -c -I/home/wenjian_jia/trunk/target/tmpfs/include -I/home/wenjian_jia/trunk/target/tmpfs/include -Os -Wall  conftest.c >&5
configure:21032: $? = 0
configure:21039: test -z "$ac_c_werror_flag" || test ! -s conftest.err
configure:21042: $? = 0
configure:21049: test -s conftest.o
configure:21052: $? = 0
configure:21063: result: yes
configure:21067: checking sys/time.h presence
configure:21082: rsdk-linux-gcc -E  conftest.c
configure:21088: $? = 0
configure:21109: result: yes
configure:21142: checking for sys/time.h
configure:21150: result: yes
configure:21009: checking sys/timeb.h usability
configure:21026: rsdk-linux-gcc -c -I/home/wenjian_jia/trunk/target/tmpfs/include -I/home/wenjian_jia/trunk/target/tmpfs/include -Os -Wall  conftest.c >&5
configure:21032: $? = 0
configure:21039: test -z "$ac_c_werror_flag" || test ! -s conftest.err
configure:21042: $? = 0
configure:21049: test -s conftest.o
configure:21052: $? = 0
configure:21063: result: yes
configure:21067: checking sys/timeb.h presence
configure:21082: rsdk-linux-gcc -E  conftest.c
configure:21088: $? = 0
configure:21109: result: yes
configure:21142: checking for sys/timeb.h
configure:21150: result: yes
configure:21009: checking syslog.h usability
configure:21026: rsdk-linux-gcc -c -I/home/wenjian_jia/trunk/target/tmpfs/include -I/home/wenjian_jia/trunk/target/tmpfs/include -Os -Wall  conftest.c >&5
configure:21032: $? = 0
configure:21039: test -z "$ac_c_werror_flag" || test ! -s conftest.err
configure:21042: $? = 0
configure:21049: test -s conftest.o
configure:21052: $? = 0
configure:21063: result: yes
configure:21067: checking syslog.h presence
configure:21082: rsdk-linux-gcc -E  conftest.c
configure:21088: $? = 0
configure:21109: result: yes
configure:21142: checking for syslog.h
configure:21150: result: yes
configure:20999: checking for unistd.h
configure:21005: result: yes
configure:21172: checking for an ANSI C-conforming const
configure:21247: rsdk-linux-gcc -c -I/home/wenjian_jia/trunk/target/tmpfs/include -I/home/wenjian_jia/trunk/target/tmpfs/include -Os -Wall  conftest.c >&5
conftest.c: In function `main':
conftest.c:93: warning: 'b' might be used uninitialized in this function
conftest.c:74: warning: 't' might be used uninitialized in this function
configure:21253: $? = 0
configure:21260: test -z "$ac_c_werror_flag" || test ! -s conftest.err
configure:21263: $? = 0
configure:21270: test -s conftest.o
configure:21273: $? = 0
configure:21285: result: yes
configure:21295: checking for socklen_t
configure:21323: rsdk-linux-gcc -c -I/home/wenjian_jia/trunk/target/tmpfs/include -I/home/wenjian_jia/trunk/target/tmpfs/include -Os -Wall  conftest.c >&5
conftest.c: In function `main':
conftest.c:53: warning: unused variable `len'
configure:21329: $? = 0
configure:21336: test -z "$ac_c_werror_flag" || test ! -s conftest.err
configure:21339: $? = 0
configure:21346: test -s conftest.o
configure:21349: $? = 0
configure:21362: result: yes
configure:21381: checking for vprintf
configure:21437: rsdk-linux-gcc -o conftest -I/home/wenjian_jia/trunk/target/tmpfs/include -I/home/wenjian_jia/trunk/target/tmpfs/include -Os -Wall   conftest.c  >&5
conftest.c:71: warning: conflicting types for built-in function 'vprintf'
configure:21443: $? = 0
configure:21450: test -z "$ac_c_werror_flag" || test ! -s conftest.err
configure:21453: $? = 0
configure:21460: test -s conftest
configure:21463: $? = 0
configure:21477: result: yes
configure:21484: checking for _doprnt
configure:21540: rsdk-linux-gcc -o conftest -I/home/wenjian_jia/trunk/target/tmpfs/include -I/home/wenjian_jia/trunk/target/tmpfs/include -Os -Wall   conftest.c  >&5
/tmp/cce954px.o: In function `main':
conftest.c:(.text+0x18): undefined reference to `_doprnt'
collect2: ld returned 1 exit status
configure:21546: $? = 1
configure: failed program was:
| /* confdefs.h.  */
| #define PACKAGE_NAME "libupnp"
| #define PACKAGE_TARNAME "libupnp"
| #define PACKAGE_VERSION "1.6.5"
| #define PACKAGE_STRING "libupnp 1.6.5"
| #define PACKAGE_BUGREPORT "mroberto@users.sourceforge.net"
| #define PACKAGE "libupnp"
| #define VERSION "1.6.5"
| #define UPNP_VERSION_STRING "1.6.5"
| #define UPNP_VERSION_MAJOR 1
| #define UPNP_VERSION_MINOR 6
| #define UPNP_VERSION_PATCH 5
| #define NO_DEBUG 1
| #define NDEBUG 1
| #define UPNP_HAVE_CLIENT 1
| #define UPNP_HAVE_DEVICE 1
| #define UPNP_HAVE_WEBSERVER 1
| #define UPNP_HAVE_TOOLS 1
| #define STDC_HEADERS 1
| #define HAVE_SYS_TYPES_H 1
| #define HAVE_SYS_STAT_H 1
| #define HAVE_STDLIB_H 1
| #define HAVE_STRING_H 1
| #define HAVE_MEMORY_H 1
| #define HAVE_STRINGS_H 1
| #define HAVE_INTTYPES_H 1
| #define HAVE_STDINT_H 1
| #define HAVE_UNISTD_H 1
| #define HAVE_DLFCN_H 1
| #define _LARGE_FILE_SOURCE
| #define _FILE_OFFSET_BITS 64
| #define STDC_HEADERS 1
| #define HAVE_ARPA_INET_H 1
| #define HAVE_FCNTL_H 1
| #define HAVE_INTTYPES_H 1
| #define HAVE_LIMITS_H 1
| #define HAVE_NETDB_H 1
| #define HAVE_NETINET_IN_H 1
| #define HAVE_STDLIB_H 1
| #define HAVE_STRING_H 1
| #define HAVE_SYS_IOCTL_H 1
| #define HAVE_SYS_SOCKET_H 1
| #define HAVE_SYS_TIME_H 1
| #define HAVE_SYS_TIMEB_H 1
| #define HAVE_SYSLOG_H 1
| #define HAVE_UNISTD_H 1
| #define HAVE_VPRINTF 1
| /* end confdefs.h.  */
| /* Define _doprnt to an innocuous variant, in case <limits.h> declares _doprnt.
|    For example, HP-UX 11i <limits.h> declares gettimeofday.  */
| #define _doprnt innocuous__doprnt
| 
| /* System header to define __stub macros and hopefully few prototypes,
|     which can conflict with char _doprnt (); below.
|     Prefer <limits.h> to <assert.h> if __STDC__ is defined, since
|     <limits.h> exists even on freestanding compilers.  */
| 
| #ifdef __STDC__
| # include <limits.h>
| #else
| # include <assert.h>
| #endif
| 
| #undef _doprnt
| 
| /* Override any GCC internal prototype to avoid an error.
|    Use char because int might match the return type of a GCC
|    builtin and then its argument prototype would still apply.  */
| #ifdef __cplusplus
| extern "C"
| #endif
| char _doprnt ();
| /* The GNU C library defines this for functions which it implements
|     to always fail with ENOSYS.  Some functions are actually named
|     something starting with __ and the normal name is an alias.  */
| #if defined __stub__doprnt || defined __stub____doprnt
| choke me
| #endif
| 
| int
| main ()
| {
| return _doprnt ();
|   ;
|   return 0;
| }
configure:21579: result: no
configure:21593: checking for _LARGEFILE_SOURCE value needed for large files
configure:21621: rsdk-linux-gcc -c -I/home/wenjian_jia/trunk/target/tmpfs/include -I/home/wenjian_jia/trunk/target/tmpfs/include -Os -Wall  conftest.c >&5
conftest.c: In function `main':
conftest.c:53: error: `fseeko' undeclared (first use in this function)
conftest.c:53: error: (Each undeclared identifier is reported only once
conftest.c:53: error: for each function it appears in.)
configure:21627: $? = 1
configure: failed program was:
| /* confdefs.h.  */
| #define PACKAGE_NAME "libupnp"
| #define PACKAGE_TARNAME "libupnp"
| #define PACKAGE_VERSION "1.6.5"
| #define PACKAGE_STRING "libupnp 1.6.5"
| #define PACKAGE_BUGREPORT "mroberto@users.sourceforge.net"
| #define PACKAGE "libupnp"
| #define VERSION "1.6.5"
| #define UPNP_VERSION_STRING "1.6.5"
| #define UPNP_VERSION_MAJOR 1
| #define UPNP_VERSION_MINOR 6
| #define UPNP_VERSION_PATCH 5
| #define NO_DEBUG 1
| #define NDEBUG 1
| #define UPNP_HAVE_CLIENT 1
| #define UPNP_HAVE_DEVICE 1
| #define UPNP_HAVE_WEBSERVER 1
| #define UPNP_HAVE_TOOLS 1
| #define STDC_HEADERS 1
| #define HAVE_SYS_TYPES_H 1
| #define HAVE_SYS_STAT_H 1
| #define HAVE_STDLIB_H 1
| #define HAVE_STRING_H 1
| #define HAVE_MEMORY_H 1
| #define HAVE_STRINGS_H 1
| #define HAVE_INTTYPES_H 1
| #define HAVE_STDINT_H 1
| #define HAVE_UNISTD_H 1
| #define HAVE_DLFCN_H 1
| #define _LARGE_FILE_SOURCE
| #define _FILE_OFFSET_BITS 64
| #define STDC_HEADERS 1
| #define HAVE_ARPA_INET_H 1
| #define HAVE_FCNTL_H 1
| #define HAVE_INTTYPES_H 1
| #define HAVE_LIMITS_H 1
| #define HAVE_NETDB_H 1
| #define HAVE_NETINET_IN_H 1
| #define HAVE_STDLIB_H 1
| #define HAVE_STRING_H 1
| #define HAVE_SYS_IOCTL_H 1
| #define HAVE_SYS_SOCKET_H 1
| #define HAVE_SYS_TIME_H 1
| #define HAVE_SYS_TIMEB_H 1
| #define HAVE_SYSLOG_H 1
| #define HAVE_UNISTD_H 1
| #define HAVE_VPRINTF 1
| /* end confdefs.h.  */
| #include <stdio.h>
| int
| main ()
| {
| return !fseeko;
|   ;
|   return 0;
| }
configure:21680: rsdk-linux-gcc -c -I/home/wenjian_jia/trunk/target/tmpfs/include -I/home/wenjian_jia/trunk/target/tmpfs/include -Os -Wall  conftest.c >&5
conftest.c: In function `main':
conftest.c:54: warning: the address of `fseeko', will always evaluate as `true'
configure:21686: $? = 0
configure:21693: test -z "$ac_c_werror_flag" || test ! -s conftest.err
configure:21696: $? = 0
configure:21703: test -s conftest.o
configure:21706: $? = 0
configure:21720: result: 1
configure:21734: checking for fseeko
configure:21760: rsdk-linux-gcc -o conftest -I/home/wenjian_jia/trunk/target/tmpfs/include -I/home/wenjian_jia/trunk/target/tmpfs/include -Os -Wall   conftest.c  >&5
conftest.c: In function `main':
conftest.c:54: warning: the address of `fseeko', will always evaluate as `true'
configure:21766: $? = 0
configure:21773: test -z "$ac_c_werror_flag" || test ! -s conftest.err
configure:21776: $? = 0
configure:21783: test -s conftest
configure:21786: $? = 0
configure:21799: result: yes
configure:21813: checking for ftime
configure:21869: rsdk-linux-gcc -o conftest -I/home/wenjian_jia/trunk/target/tmpfs/include -I/home/wenjian_jia/trunk/target/tmpfs/include -Os -Wall   conftest.c  >&5
configure:21875: $? = 0
configure:21882: test -z "$ac_c_werror_flag" || test ! -s conftest.err
configure:21885: $? = 0
configure:21892: test -s conftest
configure:21895: $? = 0
configure:21909: result: yes
configure:22221: checking for the pthreads library -lpthreads
configure:22264: rsdk-linux-gcc -o conftest -I/home/wenjian_jia/trunk/target/tmpfs/include -I/home/wenjian_jia/trunk/target/tmpfs/include -Os -Wall    conftest.c -lpthreads  >&5
conftest.c: In function `main':
conftest.c:56: warning: 'th' might be used uninitialized in this function
/home/wenjian_jia/trunk/toolchain/rsdk-1.3.6-5281-EB-2.6.30-0.9.30/bin/../lib/gcc/mips-linux/3.4.6-1.3.6/../../../../mips-linux/bin/ld: cannot find -lpthreads
collect2: ld returned 1 exit status
configure:22270: $? = 1
configure: failed program was:
| /* confdefs.h.  */
| #define PACKAGE_NAME "libupnp"
| #define PACKAGE_TARNAME "libupnp"
| #define PACKAGE_VERSION "1.6.5"
| #define PACKAGE_STRING "libupnp 1.6.5"
| #define PACKAGE_BUGREPORT "mroberto@users.sourceforge.net"
| #define PACKAGE "libupnp"
| #define VERSION "1.6.5"
| #define UPNP_VERSION_STRING "1.6.5"
| #define UPNP_VERSION_MAJOR 1
| #define UPNP_VERSION_MINOR 6
| #define UPNP_VERSION_PATCH 5
| #define NO_DEBUG 1
| #define NDEBUG 1
| #define UPNP_HAVE_CLIENT 1
| #define UPNP_HAVE_DEVICE 1
| #define UPNP_HAVE_WEBSERVER 1
| #define UPNP_HAVE_TOOLS 1
| #define STDC_HEADERS 1
| #define HAVE_SYS_TYPES_H 1
| #define HAVE_SYS_STAT_H 1
| #define HAVE_STDLIB_H 1
| #define HAVE_STRING_H 1
| #define HAVE_MEMORY_H 1
| #define HAVE_STRINGS_H 1
| #define HAVE_INTTYPES_H 1
| #define HAVE_STDINT_H 1
| #define HAVE_UNISTD_H 1
| #define HAVE_DLFCN_H 1
| #define _LARGE_FILE_SOURCE
| #define _FILE_OFFSET_BITS 64
| #define STDC_HEADERS 1
| #define HAVE_ARPA_INET_H 1
| #define HAVE_FCNTL_H 1
| #define HAVE_INTTYPES_H 1
| #define HAVE_LIMITS_H 1
| #define HAVE_NETDB_H 1
| #define HAVE_NETINET_IN_H 1
| #define HAVE_STDLIB_H 1
| #define HAVE_STRING_H 1
| #define HAVE_SYS_IOCTL_H 1
| #define HAVE_SYS_SOCKET_H 1
| #define HAVE_SYS_TIME_H 1
| #define HAVE_SYS_TIMEB_H 1
| #define HAVE_SYSLOG_H 1
| #define HAVE_UNISTD_H 1
| #define HAVE_VPRINTF 1
| #define _LARGEFILE_SOURCE 1
| #define HAVE_FSEEKO 1
| #define HAVE_FTIME 1
| /* end confdefs.h.  */
| #include <pthread.h>
| int
| main ()
| {
| pthread_t th; pthread_join(th, 0);
|                      pthread_attr_init(0); pthread_cleanup_push(0, 0);
|                      pthread_create(0,0,0,0); pthread_cleanup_pop(0);
|   ;
|   return 0;
| }
configure:22306: result: no
configure:22166: checking whether pthreads work without any flags
configure:22264: rsdk-linux-gcc -o conftest -I/home/wenjian_jia/trunk/target/tmpfs/include -I/home/wenjian_jia/trunk/target/tmpfs/include -Os -Wall    conftest.c   >&5
conftest.c: In function `main':
conftest.c:56: warning: 'th' might be used uninitialized in this function
/tmp/ccuvyhxn.o: In function `main':
conftest.c:(.text+0x18): undefined reference to `pthread_join'
conftest.c:(.text+0x5c): undefined reference to `pthread_create'
collect2: ld returned 1 exit status
configure:22270: $? = 1
configure: failed program was:
| /* confdefs.h.  */
| #define PACKAGE_NAME "libupnp"
| #define PACKAGE_TARNAME "libupnp"
| #define PACKAGE_VERSION "1.6.5"
| #define PACKAGE_STRING "libupnp 1.6.5"
| #define PACKAGE_BUGREPORT "mroberto@users.sourceforge.net"
| #define PACKAGE "libupnp"
| #define VERSION "1.6.5"
| #define UPNP_VERSION_STRING "1.6.5"
| #define UPNP_VERSION_MAJOR 1
| #define UPNP_VERSION_MINOR 6
| #define UPNP_VERSION_PATCH 5
| #define NO_DEBUG 1
| #define NDEBUG 1
| #define UPNP_HAVE_CLIENT 1
| #define UPNP_HAVE_DEVICE 1
| #define UPNP_HAVE_WEBSERVER 1
| #define UPNP_HAVE_TOOLS 1
| #define STDC_HEADERS 1
| #define HAVE_SYS_TYPES_H 1
| #define HAVE_SYS_STAT_H 1
| #define HAVE_STDLIB_H 1
| #define HAVE_STRING_H 1
| #define HAVE_MEMORY_H 1
| #define HAVE_STRINGS_H 1
| #define HAVE_INTTYPES_H 1
| #define HAVE_STDINT_H 1
| #define HAVE_UNISTD_H 1
| #define HAVE_DLFCN_H 1
| #define _LARGE_FILE_SOURCE
| #define _FILE_OFFSET_BITS 64
| #define STDC_HEADERS 1
| #define HAVE_ARPA_INET_H 1
| #define HAVE_FCNTL_H 1
| #define HAVE_INTTYPES_H 1
| #define HAVE_LIMITS_H 1
| #define HAVE_NETDB_H 1
| #define HAVE_NETINET_IN_H 1
| #define HAVE_STDLIB_H 1
| #define HAVE_STRING_H 1
| #define HAVE_SYS_IOCTL_H 1
| #define HAVE_SYS_SOCKET_H 1
| #define HAVE_SYS_TIME_H 1
| #define HAVE_SYS_TIMEB_H 1
| #define HAVE_SYSLOG_H 1
| #define HAVE_UNISTD_H 1
| #define HAVE_VPRINTF 1
| #define _LARGEFILE_SOURCE 1
| #define HAVE_FSEEKO 1
| #define HAVE_FTIME 1
| /* end confdefs.h.  */
| #include <pthread.h>
| int
| main ()
| {
| pthread_t th; pthread_join(th, 0);
|                      pthread_attr_init(0); pthread_cleanup_push(0, 0);
|                      pthread_create(0,0,0,0); pthread_cleanup_pop(0);
|   ;
|   return 0;
| }
configure:22306: result: no
configure:22171: checking whether pthreads work with -Kthread
configure:22264: rsdk-linux-gcc -o conftest -I/home/wenjian_jia/trunk/target/tmpfs/include -I/home/wenjian_jia/trunk/target/tmpfs/include -Os -Wall -Kthread   conftest.c   >&5
mips-linux-gcc: unrecognized option `-Kthread'
conftest.c: In function `main':
conftest.c:56: warning: 'th' might be used uninitialized in this function
/tmp/ccqebEqA.o: In function `main':
conftest.c:(.text+0x18): undefined reference to `pthread_join'
conftest.c:(.text+0x5c): undefined reference to `pthread_create'
collect2: ld returned 1 exit status
configure:22270: $? = 1
configure: failed program was:
| /* confdefs.h.  */
| #define PACKAGE_NAME "libupnp"
| #define PACKAGE_TARNAME "libupnp"
| #define PACKAGE_VERSION "1.6.5"
| #define PACKAGE_STRING "libupnp 1.6.5"
| #define PACKAGE_BUGREPORT "mroberto@users.sourceforge.net"
| #define PACKAGE "libupnp"
| #define VERSION "1.6.5"
| #define UPNP_VERSION_STRING "1.6.5"
| #define UPNP_VERSION_MAJOR 1
| #define UPNP_VERSION_MINOR 6
| #define UPNP_VERSION_PATCH 5
| #define NO_DEBUG 1
| #define NDEBUG 1
| #define UPNP_HAVE_CLIENT 1
| #define UPNP_HAVE_DEVICE 1
| #define UPNP_HAVE_WEBSERVER 1
| #define UPNP_HAVE_TOOLS 1
| #define STDC_HEADERS 1
| #define HAVE_SYS_TYPES_H 1
| #define HAVE_SYS_STAT_H 1
| #define HAVE_STDLIB_H 1
| #define HAVE_STRING_H 1
| #define HAVE_MEMORY_H 1
| #define HAVE_STRINGS_H 1
| #define HAVE_INTTYPES_H 1
| #define HAVE_STDINT_H 1
| #define HAVE_UNISTD_H 1
| #define HAVE_DLFCN_H 1
| #define _LARGE_FILE_SOURCE
| #define _FILE_OFFSET_BITS 64
| #define STDC_HEADERS 1
| #define HAVE_ARPA_INET_H 1
| #define HAVE_FCNTL_H 1
| #define HAVE_INTTYPES_H 1
| #define HAVE_LIMITS_H 1
| #define HAVE_NETDB_H 1
| #define HAVE_NETINET_IN_H 1
| #define HAVE_STDLIB_H 1
| #define HAVE_STRING_H 1
| #define HAVE_SYS_IOCTL_H 1
| #define HAVE_SYS_SOCKET_H 1
| #define HAVE_SYS_TIME_H 1
| #define HAVE_SYS_TIMEB_H 1
| #define HAVE_SYSLOG_H 1
| #define HAVE_UNISTD_H 1
| #define HAVE_VPRINTF 1
| #define _LARGEFILE_SOURCE 1
| #define HAVE_FSEEKO 1
| #define HAVE_FTIME 1
| /* end confdefs.h.  */
| #include <pthread.h>
| int
| main ()
| {
| pthread_t th; pthread_join(th, 0);
|                      pthread_attr_init(0); pthread_cleanup_push(0, 0);
|                      pthread_create(0,0,0,0); pthread_cleanup_pop(0);
|   ;
|   return 0;
| }
configure:22306: result: no
configure:22171: checking whether pthreads work with -kthread
configure:22264: rsdk-linux-gcc -o conftest -I/home/wenjian_jia/trunk/target/tmpfs/include -I/home/wenjian_jia/trunk/target/tmpfs/include -Os -Wall -kthread   conftest.c   >&5
mips-linux-gcc: unrecognized option `-kthread'
conftest.c: In function `main':
conftest.c:56: warning: 'th' might be used uninitialized in this function
/tmp/ccKnv2pN.o: In function `main':
conftest.c:(.text+0x18): undefined reference to `pthread_join'
conftest.c:(.text+0x5c): undefined reference to `pthread_create'
collect2: ld returned 1 exit status
configure:22270: $? = 1
configure: failed program was:
| /* confdefs.h.  */
| #define PACKAGE_NAME "libupnp"
| #define PACKAGE_TARNAME "libupnp"
| #define PACKAGE_VERSION "1.6.5"
| #define PACKAGE_STRING "libupnp 1.6.5"
| #define PACKAGE_BUGREPORT "mroberto@users.sourceforge.net"
| #define PACKAGE "libupnp"
| #define VERSION "1.6.5"
| #define UPNP_VERSION_STRING "1.6.5"
| #define UPNP_VERSION_MAJOR 1
| #define UPNP_VERSION_MINOR 6
| #define UPNP_VERSION_PATCH 5
| #define NO_DEBUG 1
| #define NDEBUG 1
| #define UPNP_HAVE_CLIENT 1
| #define UPNP_HAVE_DEVICE 1
| #define UPNP_HAVE_WEBSERVER 1
| #define UPNP_HAVE_TOOLS 1
| #define STDC_HEADERS 1
| #define HAVE_SYS_TYPES_H 1
| #define HAVE_SYS_STAT_H 1
| #define HAVE_STDLIB_H 1
| #define HAVE_STRING_H 1
| #define HAVE_MEMORY_H 1
| #define HAVE_STRINGS_H 1
| #define HAVE_INTTYPES_H 1
| #define HAVE_STDINT_H 1
| #define HAVE_UNISTD_H 1
| #define HAVE_DLFCN_H 1
| #define _LARGE_FILE_SOURCE
| #define _FILE_OFFSET_BITS 64
| #define STDC_HEADERS 1
| #define HAVE_ARPA_INET_H 1
| #define HAVE_FCNTL_H 1
| #define HAVE_INTTYPES_H 1
| #define HAVE_LIMITS_H 1
| #define HAVE_NETDB_H 1
| #define HAVE_NETINET_IN_H 1
| #define HAVE_STDLIB_H 1
| #define HAVE_STRING_H 1
| #define HAVE_SYS_IOCTL_H 1
| #define HAVE_SYS_SOCKET_H 1
| #define HAVE_SYS_TIME_H 1
| #define HAVE_SYS_TIMEB_H 1
| #define HAVE_SYSLOG_H 1
| #define HAVE_UNISTD_H 1
| #define HAVE_VPRINTF 1
| #define _LARGEFILE_SOURCE 1
| #define HAVE_FSEEKO 1
| #define HAVE_FTIME 1
| /* end confdefs.h.  */
| #include <pthread.h>
| int
| main ()
| {
| pthread_t th; pthread_join(th, 0);
|                      pthread_attr_init(0); pthread_cleanup_push(0, 0);
|                      pthread_create(0,0,0,0); pthread_cleanup_pop(0);
|   ;
|   return 0;
| }
configure:22306: result: no
configure:22221: checking for the pthreads library -llthread
configure:22264: rsdk-linux-gcc -o conftest -I/home/wenjian_jia/trunk/target/tmpfs/include -I/home/wenjian_jia/trunk/target/tmpfs/include -Os -Wall    conftest.c -llthread  >&5
conftest.c: In function `main':
conftest.c:56: warning: 'th' might be used uninitialized in this function
/home/wenjian_jia/trunk/toolchain/rsdk-1.3.6-5281-EB-2.6.30-0.9.30/bin/../lib/gcc/mips-linux/3.4.6-1.3.6/../../../../mips-linux/bin/ld: cannot find -llthread
collect2: ld returned 1 exit status
configure:22270: $? = 1
configure: failed program was:
| /* confdefs.h.  */
| #define PACKAGE_NAME "libupnp"
| #define PACKAGE_TARNAME "libupnp"
| #define PACKAGE_VERSION "1.6.5"
| #define PACKAGE_STRING "libupnp 1.6.5"
| #define PACKAGE_BUGREPORT "mroberto@users.sourceforge.net"
| #define PACKAGE "libupnp"
| #define VERSION "1.6.5"
| #define UPNP_VERSION_STRING "1.6.5"
| #define UPNP_VERSION_MAJOR 1
| #define UPNP_VERSION_MINOR 6
| #define UPNP_VERSION_PATCH 5
| #define NO_DEBUG 1
| #define NDEBUG 1
| #define UPNP_HAVE_CLIENT 1
| #define UPNP_HAVE_DEVICE 1
| #define UPNP_HAVE_WEBSERVER 1
| #define UPNP_HAVE_TOOLS 1
| #define STDC_HEADERS 1
| #define HAVE_SYS_TYPES_H 1
| #define HAVE_SYS_STAT_H 1
| #define HAVE_STDLIB_H 1
| #define HAVE_STRING_H 1
| #define HAVE_MEMORY_H 1
| #define HAVE_STRINGS_H 1
| #define HAVE_INTTYPES_H 1
| #define HAVE_STDINT_H 1
| #define HAVE_UNISTD_H 1
| #define HAVE_DLFCN_H 1
| #define _LARGE_FILE_SOURCE
| #define _FILE_OFFSET_BITS 64
| #define STDC_HEADERS 1
| #define HAVE_ARPA_INET_H 1
| #define HAVE_FCNTL_H 1
| #define HAVE_INTTYPES_H 1
| #define HAVE_LIMITS_H 1
| #define HAVE_NETDB_H 1
| #define HAVE_NETINET_IN_H 1
| #define HAVE_STDLIB_H 1
| #define HAVE_STRING_H 1
| #define HAVE_SYS_IOCTL_H 1
| #define HAVE_SYS_SOCKET_H 1
| #define HAVE_SYS_TIME_H 1
| #define HAVE_SYS_TIMEB_H 1
| #define HAVE_SYSLOG_H 1
| #define HAVE_UNISTD_H 1
| #define HAVE_VPRINTF 1
| #define _LARGEFILE_SOURCE 1
| #define HAVE_FSEEKO 1
| #define HAVE_FTIME 1
| /* end confdefs.h.  */
| #include <pthread.h>
| int
| main ()
| {
| pthread_t th; pthread_join(th, 0);
|                      pthread_attr_init(0); pthread_cleanup_push(0, 0);
|                      pthread_create(0,0,0,0); pthread_cleanup_pop(0);
|   ;
|   return 0;
| }
configure:22306: result: no
configure:22171: checking whether pthreads work with -pthread
configure:22264: rsdk-linux-gcc -o conftest -I/home/wenjian_jia/trunk/target/tmpfs/include -I/home/wenjian_jia/trunk/target/tmpfs/include -Os -Wall -pthread   conftest.c   >&5
conftest.c: In function `main':
conftest.c:56: warning: 'th' might be used uninitialized in this function
configure:22270: $? = 0
configure:22277: test -z "$ac_c_werror_flag" || test ! -s conftest.err
configure:22280: $? = 0
configure:22287: test -s conftest
configure:22290: $? = 0
configure:22306: result: yes
configure:22325: checking for joinable pthread attribute
configure:22350: rsdk-linux-gcc -o conftest -I/home/wenjian_jia/trunk/target/tmpfs/include -I/home/wenjian_jia/trunk/target/tmpfs/include -Os -Wall -pthread   conftest.c   >&5
configure:22356: $? = 0
configure:22363: test -z "$ac_c_werror_flag" || test ! -s conftest.err
configure:22366: $? = 0
configure:22373: test -s conftest
configure:22376: $? = 0
configure:22389: result: PTHREAD_CREATE_JOINABLE
configure:22399: checking if more special flags are required for pthreads
configure:22406: result: no
configure:22502: checking if pthread_rwlock_t is available
configure:22531: rsdk-linux-gcc -c -pthread -I/home/wenjian_jia/trunk/target/tmpfs/include -I/home/wenjian_jia/trunk/target/tmpfs/include -Os -Wall  conftest.c >&5
conftest.c: In function `main':
conftest.c:57: error: `pthread_rwlock_t' undeclared (first use in this function)
conftest.c:57: error: (Each undeclared identifier is reported only once
conftest.c:57: error: for each function it appears in.)
conftest.c:57: error: `x' undeclared (first use in this function)
configure:22537: $? = 1
configure: failed program was:
| /* confdefs.h.  */
| #define PACKAGE_NAME "libupnp"
| #define PACKAGE_TARNAME "libupnp"
| #define PACKAGE_VERSION "1.6.5"
| #define PACKAGE_STRING "libupnp 1.6.5"
| #define PACKAGE_BUGREPORT "mroberto@users.sourceforge.net"
| #define PACKAGE "libupnp"
| #define VERSION "1.6.5"
| #define UPNP_VERSION_STRING "1.6.5"
| #define UPNP_VERSION_MAJOR 1
| #define UPNP_VERSION_MINOR 6
| #define UPNP_VERSION_PATCH 5
| #define NO_DEBUG 1
| #define NDEBUG 1
| #define UPNP_HAVE_CLIENT 1
| #define UPNP_HAVE_DEVICE 1
| #define UPNP_HAVE_WEBSERVER 1
| #define UPNP_HAVE_TOOLS 1
| #define STDC_HEADERS 1
| #define HAVE_SYS_TYPES_H 1
| #define HAVE_SYS_STAT_H 1
| #define HAVE_STDLIB_H 1
| #define HAVE_STRING_H 1
| #define HAVE_MEMORY_H 1
| #define HAVE_STRINGS_H 1
| #define HAVE_INTTYPES_H 1
| #define HAVE_STDINT_H 1
| #define HAVE_UNISTD_H 1
| #define HAVE_DLFCN_H 1
| #define _LARGE_FILE_SOURCE
| #define _FILE_OFFSET_BITS 64
| #define STDC_HEADERS 1
| #define HAVE_ARPA_INET_H 1
| #define HAVE_FCNTL_H 1
| #define HAVE_INTTYPES_H 1
| #define HAVE_LIMITS_H 1
| #define HAVE_NETDB_H 1
| #define HAVE_NETINET_IN_H 1
| #define HAVE_STDLIB_H 1
| #define HAVE_STRING_H 1
| #define HAVE_SYS_IOCTL_H 1
| #define HAVE_SYS_SOCKET_H 1
| #define HAVE_SYS_TIME_H 1
| #define HAVE_SYS_TIMEB_H 1
| #define HAVE_SYSLOG_H 1
| #define HAVE_UNISTD_H 1
| #define HAVE_VPRINTF 1
| #define _LARGEFILE_SOURCE 1
| #define HAVE_FSEEKO 1
| #define HAVE_FTIME 1
| #define HAVE_PTHREAD 1
| /* end confdefs.h.  */
| #include <pthread.h>
| int
| main ()
| {
| pthread_rwlock_t *x;
|   ;
|   return 0;
| }
configure:22592: rsdk-linux-gcc -c -pthread -I/home/wenjian_jia/trunk/target/tmpfs/include -I/home/wenjian_jia/trunk/target/tmpfs/include -Os -Wall  conftest.c >&5
conftest.c: In function `main':
conftest.c:58: warning: unused variable `x'
configure:22598: $? = 0
configure:22605: test -z "$ac_c_werror_flag" || test ! -s conftest.err
configure:22608: $? = 0
configure:22615: test -s conftest.o
configure:22618: $? = 0
configure:22626: result: yes, definition of _GNU_SOURCE required
configure:22832: creating ./config.status

## ---------------------- ##
## Running config.status. ##
## ---------------------- ##

This file was extended by libupnp config.status 1.6.5, which was
generated by GNU Autoconf 2.60.  Invocation command line was

  CONFIG_FILES    = 
  CONFIG_HEADERS  = 
  CONFIG_LINKS    = 
  CONFIG_COMMANDS = 
  $ ./config.status 

on APServer

config.status:676: creating Makefile
config.status:676: creating ixml/Makefile
config.status:676: creating ixml/doc/Makefile
config.status:676: creating threadutil/Makefile
config.status:676: creating upnp/Makefile
config.status:676: creating upnp/doc/Makefile
config.status:676: creating upnp/sample/Makefile
config.status:676: creating docs/dist/Makefile
config.status:676: creating libupnp.pc
config.status:676: creating autoconfig.h
config.status:938: autoconfig.h is unchanged
config.status:676: creating upnp/inc/upnpconfig.h
config.status:938: upnp/inc/upnpconfig.h is unchanged
config.status:984: executing depfiles commands

## ---------------- ##
## Cache variables. ##
## ---------------- ##

ac_cv_build=i686-pc-linux-gnu
ac_cv_c_compiler_gnu=yes
ac_cv_c_const=yes
ac_cv_cflags_gcc_option__Os=-Os
ac_cv_cflags_warn_all=-Wall
ac_cv_cxx_compiler_gnu=yes
ac_cv_env_CCC_set=
ac_cv_env_CCC_value=
ac_cv_env_CC_set=set
ac_cv_env_CC_value=rsdk-linux-gcc
ac_cv_env_CFLAGS_set=set
ac_cv_env_CFLAGS_value='-I/home/wenjian_jia/trunk/target/tmpfs/include -I/home/wenjian_jia/trunk/target/tmpfs/include'
ac_cv_env_CPPFLAGS_set=
ac_cv_env_CPPFLAGS_value=
ac_cv_env_CPP_set=
ac_cv_env_CPP_value=
ac_cv_env_CXXCPP_set=
ac_cv_env_CXXCPP_value=
ac_cv_env_CXXFLAGS_set=
ac_cv_env_CXXFLAGS_value=
ac_cv_env_CXX_set=set
ac_cv_env_CXX_value=rsdk-linux-g++
ac_cv_env_F77_set=
ac_cv_env_F77_value=
ac_cv_env_FFLAGS_set=
ac_cv_env_FFLAGS_value=
ac_cv_env_LDFLAGS_set=
ac_cv_env_LDFLAGS_value=
ac_cv_env_build_alias_set=
ac_cv_env_build_alias_value=
ac_cv_env_host_alias_set=set
ac_cv_env_host_alias_value=mips-linux
ac_cv_env_target_alias_set=
ac_cv_env_target_alias_value=
ac_cv_f77_compiler_gnu=no
ac_cv_func__doprnt=no
ac_cv_func_fseeko=yes
ac_cv_func_ftime=yes
ac_cv_func_vprintf=yes
ac_cv_header_arpa_inet_h=yes
ac_cv_header_dlfcn_h=yes
ac_cv_header_fcntl_h=yes
ac_cv_header_inttypes_h=yes
ac_cv_header_limits_h=yes
ac_cv_header_memory_h=yes
ac_cv_header_netdb_h=yes
ac_cv_header_netinet_in_h=yes
ac_cv_header_stdc=yes
ac_cv_header_stdint_h=yes
ac_cv_header_stdlib_h=yes
ac_cv_header_string_h=yes
ac_cv_header_strings_h=yes
ac_cv_header_sys_ioctl_h=yes
ac_cv_header_sys_socket_h=yes
ac_cv_header_sys_stat_h=yes
ac_cv_header_sys_time_h=yes
ac_cv_header_sys_timeb_h=yes
ac_cv_header_sys_types_h=yes
ac_cv_header_syslog_h=yes
ac_cv_header_unistd_h=yes
ac_cv_host=mips-unknown-linux-gnu
ac_cv_objext=o
ac_cv_path_EGREP='/bin/grep -E'
ac_cv_path_GREP=/bin/grep
ac_cv_path_install='/usr/bin/install -c'
ac_cv_prog_AR=rsdk-linux-ar
ac_cv_prog_AWK=gawk
ac_cv_prog_CC=rsdk-linux-gcc
ac_cv_prog_CPP='rsdk-linux-gcc -E'
ac_cv_prog_CXXCPP='rsdk-linux-g++ -E'
ac_cv_prog_RANLIB=rsdk-linux-ranlib
ac_cv_prog_STRIP=rsdk-linux-strip
ac_cv_prog_cc_c89=
ac_cv_prog_cc_g=yes
ac_cv_prog_cc_rsdk_linux_gcc_c_o=yes
ac_cv_prog_cxx_g=yes
ac_cv_prog_f77_g=no
ac_cv_prog_make_make_set=yes
ac_cv_sys_largefile_source=1
ac_cv_type_off_t=yes
ac_cv_type_size_t=yes
ac_cv_type_socklen_t=yes
am_cv_CC_dependencies_compiler_type=gcc3
am_cv_CXX_dependencies_compiler_type=gcc3
lt_cv_deplibs_check_method=pass_all
lt_cv_file_magic_cmd='$MAGIC_CMD'
lt_cv_file_magic_test_file=
lt_cv_ld_reload_flag=-r
lt_cv_objdir=.libs
lt_cv_path_LD=rsdk-linux-gcc
lt_cv_path_LDCXX=rsdk-linux-gcc
lt_cv_path_NM='/home/wenjian_jia/trunk/toolchain/rsdk-1.3.6-5281-EB-2.6.30-0.9.30/bin/mips-linux-nm -B'
lt_cv_path_SED=/bin/sed
lt_cv_prog_compiler_c_o=yes
lt_cv_prog_compiler_c_o_CXX=yes
lt_cv_prog_compiler_rtti_exceptions=no
lt_cv_prog_gnu_ld=no
lt_cv_prog_gnu_ldcxx=no
lt_cv_sys_global_symbol_pipe='sed -n -e '\''s/^.*[ 	]\([ABCDGIRSTW][ABCDGIRSTW]*\)[ 	][ 	]*\([_A-Za-z][_A-Za-z0-9]*\)$/\1 \2 \2/p'\'''
lt_cv_sys_global_symbol_to_c_name_address='sed -n -e '\''s/^: \([^ ]*\) $/  {\"\1\", (lt_ptr) 0},/p'\'' -e '\''s/^[BCDEGRST] \([^ ]*\) \([^ ]*\)$/  {"\2", (lt_ptr) \&\2},/p'\'''
lt_cv_sys_global_symbol_to_cdecl='sed -n -e '\''s/^. .* \(.*\)$/extern int \1;/p'\'''
lt_cv_sys_max_cmd_len=32768
lt_lt_cv_prog_compiler_c_o='"yes"'
lt_lt_cv_prog_compiler_c_o_CXX='"yes"'
lt_lt_cv_sys_global_symbol_pipe='"sed -n -e '\''s/^.*[ 	]\\([ABCDGIRSTW][ABCDGIRSTW]*\\)[ 	][ 	]*\\([_A-Za-z][_A-Za-z0-9]*\\)\$/\\1 \\2 \\2/p'\''"'
lt_lt_cv_sys_global_symbol_to_c_name_address='"sed -n -e '\''s/^: \\([^ ]*\\) \$/  {\\\"\\1\\\", (lt_ptr) 0},/p'\'' -e '\''s/^[BCDEGRST] \\([^ ]*\\) \\([^ ]*\\)\$/  {\"\\2\", (lt_ptr) \\&\\2},/p'\''"'
lt_lt_cv_sys_global_symbol_to_cdecl='"sed -n -e '\''s/^. .* \\(.*\\)\$/extern int \\1;/p'\''"'

## ----------------- ##
## Output variables. ##
## ----------------- ##

ACLOCAL='${SHELL} /home/wenjian_jia/trunk/users/dlna_dms/libupnp-1.6.5/build-aux/missing --run aclocal-1.9'
AMDEPBACKSLASH='\'
AMDEP_FALSE='#'
AMDEP_TRUE=''
AMTAR='${SHELL} /home/wenjian_jia/trunk/users/dlna_dms/libupnp-1.6.5/build-aux/missing --run tar'
AR='rsdk-linux-ar'
AUTOCONF='${SHELL} /home/wenjian_jia/trunk/users/dlna_dms/libupnp-1.6.5/build-aux/missing --run autoconf'
AUTOHEADER='${SHELL} /home/wenjian_jia/trunk/users/dlna_dms/libupnp-1.6.5/build-aux/missing --run autoheader'
AUTOMAKE='${SHELL} /home/wenjian_jia/trunk/users/dlna_dms/libupnp-1.6.5/build-aux/missing --run automake-1.9'
AWK='gawk'
CC='rsdk-linux-gcc'
CCDEPMODE='depmode=gcc3'
CFLAGS='-pthread -I/home/wenjian_jia/trunk/target/tmpfs/include -I/home/wenjian_jia/trunk/target/tmpfs/include -Os -Wall'
CPP='rsdk-linux-gcc -E'
CPPFLAGS=' -D_GNU_SOURCE'
CXX='rsdk-linux-g++'
CXXCPP='rsdk-linux-g++ -E'
CXXDEPMODE='depmode=gcc3'
CXXFLAGS='-g -O2'
CYGPATH_W='echo'
DEFS='-DHAVE_CONFIG_H'
DEPDIR='.deps'
ECHO='echo'
ECHO_C=''
ECHO_N='-n'
ECHO_T=''
EGREP='/bin/grep -E'
ENABLE_CLIENT_FALSE='#'
ENABLE_CLIENT_TRUE=''
ENABLE_DEBUG_FALSE=''
ENABLE_DEBUG_TRUE='#'
ENABLE_DEVICE_FALSE='#'
ENABLE_DEVICE_TRUE=''
ENABLE_SAMPLES_FALSE='#'
ENABLE_SAMPLES_TRUE=''
ENABLE_TOOLS_FALSE='#'
ENABLE_TOOLS_TRUE=''
ENABLE_WEBSERVER_FALSE='#'
ENABLE_WEBSERVER_TRUE=''
EXEEXT=''
F77=''
FFLAGS=''
GREP='/bin/grep'
INSTALL_DATA='${INSTALL} -m 644'
INSTALL_PROGRAM='${INSTALL}'
INSTALL_SCRIPT='${INSTALL}'
INSTALL_STRIP_PROGRAM='${SHELL} $(install_sh) -c -s'
LDFLAGS=''
LIBOBJS=''
LIBS=' '
LIBTOOL='$(SHELL) $(top_builddir)/libtool'
LN_S='ln -s'
LTLIBOBJS=''
LT_VERSION_IXML='2:4:0'
LT_VERSION_THREADUTIL='4:2:2'
LT_VERSION_UPNP='3:4:0'
MAKEINFO='${SHELL} /home/wenjian_jia/trunk/users/dlna_dms/libupnp-1.6.5/build-aux/missing --run makeinfo'
OBJEXT='o'
PACKAGE='libupnp'
PACKAGE_BUGREPORT='mroberto@users.sourceforge.net'
PACKAGE_NAME='libupnp'
PACKAGE_STRING='libupnp 1.6.5'
PACKAGE_TARNAME='libupnp'
PACKAGE_VERSION='1.6.5'
PATH_SEPARATOR=':'
PTHREAD_CC='rsdk-linux-gcc'
PTHREAD_CFLAGS='-pthread'
PTHREAD_LIBS=''
RANLIB='rsdk-linux-ranlib'
SET_MAKE=''
SHELL='/bin/sh'
STRIP='rsdk-linux-strip'
VERSION='1.6.5'
WITH_DOCUMENTATION_FALSE=''
WITH_DOCUMENTATION_TRUE='#'
ac_ct_CC=''
ac_ct_CXX=''
ac_ct_F77=''
acx_pthread_config=''
am__fastdepCC_FALSE='#'
am__fastdepCC_TRUE=''
am__fastdepCXX_FALSE='#'
am__fastdepCXX_TRUE=''
am__include='include'
am__leading_dot='.'
am__quote=''
am__tar='${AMTAR} chof - "$$tardir"'
am__untar='${AMTAR} xf -'
bindir='${exec_prefix}/bin'
build='i686-pc-linux-gnu'
build_alias=''
build_cpu='i686'
build_os='linux-gnu'
build_vendor='pc'
datadir='${datarootdir}'
datarootdir='${prefix}/share'
docdir='${datarootdir}/doc/libupnp-1.6.5'
dvidir='${docdir}'
exec_prefix='${prefix}'
host='mips-unknown-linux-gnu'
host_alias='mips-linux'
host_cpu='mips'
host_os='linux-gnu'
host_vendor='unknown'
htmldir='${docdir}'
includedir='${prefix}/include'
infodir='${datarootdir}/info'
install_sh='/home/wenjian_jia/trunk/users/dlna_dms/libupnp-1.6.5/build-aux/install-sh'
libdir='${exec_prefix}/lib'
libexecdir='${exec_prefix}/libexec'
localedir='${datarootdir}/locale'
localstatedir='${prefix}/var'
mandir='${datarootdir}/man'
mkdir_p='mkdir -p --'
oldincludedir='/usr/include'
pdfdir='${docdir}'
prefix='/home/wenjian_jia/trunk/users/dlna_dms/tmp'
program_transform_name='s,x,x,'
psdir='${docdir}'
sbindir='${exec_prefix}/sbin'
sharedstatedir='${prefix}/com'
sysconfdir='${prefix}/etc'
target_alias=''

## ----------- ##
## confdefs.h. ##
## ----------- ##

#define PACKAGE_NAME "libupnp"
#define PACKAGE_TARNAME "libupnp"
#define PACKAGE_VERSION "1.6.5"
#define PACKAGE_STRING "libupnp 1.6.5"
#define PACKAGE_BUGREPORT "mroberto@users.sourceforge.net"
#define PACKAGE "libupnp"
#define VERSION "1.6.5"
#define UPNP_VERSION_STRING "1.6.5"
#define UPNP_VERSION_MAJOR 1
#define UPNP_VERSION_MINOR 6
#define UPNP_VERSION_PATCH 5
#define NO_DEBUG 1
#define NDEBUG 1
#define UPNP_HAVE_CLIENT 1
#define UPNP_HAVE_DEVICE 1
#define UPNP_HAVE_WEBSERVER 1
#define UPNP_HAVE_TOOLS 1
#define STDC_HEADERS 1
#define HAVE_SYS_TYPES_H 1
#define HAVE_SYS_STAT_H 1
#define HAVE_STDLIB_H 1
#define HAVE_STRING_H 1
#define HAVE_MEMORY_H 1
#define HAVE_STRINGS_H 1
#define HAVE_INTTYPES_H 1
#define HAVE_STDINT_H 1
#define HAVE_UNISTD_H 1
#define HAVE_DLFCN_H 1
#define _LARGE_FILE_SOURCE
#define _FILE_OFFSET_BITS 64
#define STDC_HEADERS 1
#define HAVE_ARPA_INET_H 1
#define HAVE_FCNTL_H 1
#define HAVE_INTTYPES_H 1
#define HAVE_LIMITS_H 1
#define HAVE_NETDB_H 1
#define HAVE_NETINET_IN_H 1
#define HAVE_STDLIB_H 1
#define HAVE_STRING_H 1
#define HAVE_SYS_IOCTL_H 1
#define HAVE_SYS_SOCKET_H 1
#define HAVE_SYS_TIME_H 1
#define HAVE_SYS_TIMEB_H 1
#define HAVE_SYSLOG_H 1
#define HAVE_UNISTD_H 1
#define HAVE_VPRINTF 1
#define _LARGEFILE_SOURCE 1
#define HAVE_FSEEKO 1
#define HAVE_FTIME 1
#define HAVE_PTHREAD 1
#define UPNP_USE_RWLOCK 1

configure: exit 0
